;  LST file generated by mikroListExporter - v.2.0 
; Date/Time: 25/12/2020 09:04:45
;----------------------------------------------

;Address Opcode 	ASM
0x0000	0x28D6      	GOTO       214
_____DoICP:
;__Lib_System.c,6 :: 		
;__Lib_System.c,9 :: 		
0x0003	0x1283      	BCF        STATUS, 5
0x0004	0x1303      	BCF        STATUS, 6
0x0005	0x0823      	MOVF       ___DoICPAddr+1, 0
0x0006	0x008A      	MOVWF      PCLATH
;__Lib_System.c,10 :: 		
0x0007	0x0822      	MOVF       ___DoICPAddr, 0
0x0008	0x0082      	MOVWF      PCL
;__Lib_System.c,12 :: 		
L_end_____DoICP:
0x0009	0x0008      	RETURN
; end of _____DoICP
___CC2DW:
;__Lib_System.c,134 :: 		
;__Lib_System.c,137 :: 		
_CC2D_Loop1:
;__Lib_System.c,139 :: 		
0x000A	0x2003      	CALL       _____DoICP
0x000B	0x118A      	BCF        PCLATH, 3
0x000C	0x120A      	BCF        PCLATH, 4
;__Lib_System.c,141 :: 		
0x000D	0x0080      	MOVWF      INDF
;__Lib_System.c,142 :: 		
0x000E	0x0A84      	INCF       FSR, 1
;__Lib_System.c,143 :: 		
0x000F	0x0AA2      	INCF       ___DoICPAddr, 1
;__Lib_System.c,145 :: 		
0x0010	0x1903      	BTFSC      STATUS, 2
;__Lib_System.c,146 :: 		
0x0011	0x0AA3      	INCF       ___DoICPAddr+1, 1
;__Lib_System.c,147 :: 		
0x0012	0x03F0      	DECF       R0, 1
;__Lib_System.c,149 :: 		
0x0013	0x1D03      	BTFSS      STATUS, 2
;__Lib_System.c,150 :: 		
0x0014	0x280A      	GOTO       _CC2D_Loop1
;__Lib_System.c,152 :: 		
L_end___CC2DW:
0x0015	0x0008      	RETURN
; end of ___CC2DW
_display2:
;Questao04.c,79 :: 		void display2(char cont){
;Questao04.c,80 :: 		switch(cont){
0x0016	0x284B      	GOTO       L_display212
;Questao04.c,81 :: 		case 0:
L_display214:
;Questao04.c,82 :: 		PORTB.RB4 = 0;
0x0017	0x1283      	BCF        STATUS, 5
0x0018	0x1303      	BCF        STATUS, 6
0x0019	0x1206      	BCF        PORTB, 4
;Questao04.c,83 :: 		PORTB.RB5 = 0;
0x001A	0x1286      	BCF        PORTB, 5
;Questao04.c,84 :: 		PORTB.RB6 = 0;
0x001B	0x1306      	BCF        PORTB, 6
;Questao04.c,85 :: 		PORTB.RB7 = 0;
0x001C	0x1386      	BCF        PORTB, 7
;Questao04.c,86 :: 		break;
0x001D	0x2875      	GOTO       L_display213
;Questao04.c,88 :: 		case 1:
L_display215:
;Questao04.c,89 :: 		PORTB.RB4 = 1;
0x001E	0x1606      	BSF        PORTB, 4
;Questao04.c,90 :: 		PORTB.RB5 = 0;
0x001F	0x1286      	BCF        PORTB, 5
;Questao04.c,91 :: 		PORTB.RB6 = 0;
0x0020	0x1306      	BCF        PORTB, 6
;Questao04.c,92 :: 		PORTB.RB7 = 0;
0x0021	0x1386      	BCF        PORTB, 7
;Questao04.c,93 :: 		break;
0x0022	0x2875      	GOTO       L_display213
;Questao04.c,95 :: 		case 2:
L_display216:
;Questao04.c,96 :: 		PORTB.RB4 = 0;
0x0023	0x1206      	BCF        PORTB, 4
;Questao04.c,97 :: 		PORTB.RB5 = 1;
0x0024	0x1686      	BSF        PORTB, 5
;Questao04.c,98 :: 		PORTB.RB6 = 0;
0x0025	0x1306      	BCF        PORTB, 6
;Questao04.c,99 :: 		PORTB.RB7 = 0;
0x0026	0x1386      	BCF        PORTB, 7
;Questao04.c,100 :: 		break;
0x0027	0x2875      	GOTO       L_display213
;Questao04.c,102 :: 		case 3:
L_display217:
;Questao04.c,103 :: 		PORTB.RB4 = 1;
0x0028	0x1606      	BSF        PORTB, 4
;Questao04.c,104 :: 		PORTB.RB5 = 1;
0x0029	0x1686      	BSF        PORTB, 5
;Questao04.c,105 :: 		PORTB.RB6 = 0;
0x002A	0x1306      	BCF        PORTB, 6
;Questao04.c,106 :: 		PORTB.RB7 = 0;
0x002B	0x1386      	BCF        PORTB, 7
;Questao04.c,107 :: 		break;
0x002C	0x2875      	GOTO       L_display213
;Questao04.c,109 :: 		case 4:
L_display218:
;Questao04.c,110 :: 		PORTB.RB4 = 0;
0x002D	0x1206      	BCF        PORTB, 4
;Questao04.c,111 :: 		PORTB.RB5 = 0;
0x002E	0x1286      	BCF        PORTB, 5
;Questao04.c,112 :: 		PORTB.RB6 = 1;
0x002F	0x1706      	BSF        PORTB, 6
;Questao04.c,113 :: 		PORTB.RB7 = 0;
0x0030	0x1386      	BCF        PORTB, 7
;Questao04.c,114 :: 		break;
0x0031	0x2875      	GOTO       L_display213
;Questao04.c,116 :: 		case 5:
L_display219:
;Questao04.c,117 :: 		PORTB.RB4 = 1;
0x0032	0x1606      	BSF        PORTB, 4
;Questao04.c,118 :: 		PORTB.RB5 = 0;
0x0033	0x1286      	BCF        PORTB, 5
;Questao04.c,119 :: 		PORTB.RB6 = 1;
0x0034	0x1706      	BSF        PORTB, 6
;Questao04.c,120 :: 		PORTB.RB7 = 0;
0x0035	0x1386      	BCF        PORTB, 7
;Questao04.c,121 :: 		break;
0x0036	0x2875      	GOTO       L_display213
;Questao04.c,123 :: 		case 6:
L_display220:
;Questao04.c,124 :: 		PORTB.RB4 = 0;
0x0037	0x1206      	BCF        PORTB, 4
;Questao04.c,125 :: 		PORTB.RB5 = 1;
0x0038	0x1686      	BSF        PORTB, 5
;Questao04.c,126 :: 		PORTB.RB6 = 1;
0x0039	0x1706      	BSF        PORTB, 6
;Questao04.c,127 :: 		PORTB.RB7 = 0;
0x003A	0x1386      	BCF        PORTB, 7
;Questao04.c,128 :: 		break;
0x003B	0x2875      	GOTO       L_display213
;Questao04.c,130 :: 		case 7:
L_display221:
;Questao04.c,131 :: 		PORTB.RB4 = 1;
0x003C	0x1606      	BSF        PORTB, 4
;Questao04.c,132 :: 		PORTB.RB5 = 1;
0x003D	0x1686      	BSF        PORTB, 5
;Questao04.c,133 :: 		PORTB.RB6 = 1;
0x003E	0x1706      	BSF        PORTB, 6
;Questao04.c,134 :: 		PORTB.RB7 = 0;
0x003F	0x1386      	BCF        PORTB, 7
;Questao04.c,135 :: 		break;
0x0040	0x2875      	GOTO       L_display213
;Questao04.c,137 :: 		case 8:
L_display222:
;Questao04.c,138 :: 		PORTB.RB4 = 0;
0x0041	0x1206      	BCF        PORTB, 4
;Questao04.c,139 :: 		PORTB.RB5 = 0;
0x0042	0x1286      	BCF        PORTB, 5
;Questao04.c,140 :: 		PORTB.RB6 = 0;
0x0043	0x1306      	BCF        PORTB, 6
;Questao04.c,141 :: 		PORTB.RB7 = 1;
0x0044	0x1786      	BSF        PORTB, 7
;Questao04.c,142 :: 		break;
0x0045	0x2875      	GOTO       L_display213
;Questao04.c,144 :: 		case 9:
L_display223:
;Questao04.c,145 :: 		PORTB.RB4 = 1;
0x0046	0x1606      	BSF        PORTB, 4
;Questao04.c,146 :: 		PORTB.RB5 = 0;
0x0047	0x1286      	BCF        PORTB, 5
;Questao04.c,147 :: 		PORTB.RB6 = 0;
0x0048	0x1306      	BCF        PORTB, 6
;Questao04.c,148 :: 		PORTB.RB7 = 1;
0x0049	0x1786      	BSF        PORTB, 7
;Questao04.c,149 :: 		break;
0x004A	0x2875      	GOTO       L_display213
;Questao04.c,150 :: 		}
L_display212:
0x004B	0x1283      	BCF        STATUS, 5
0x004C	0x1303      	BCF        STATUS, 6
0x004D	0x0824      	MOVF       FARG_display2_cont, 0
0x004E	0x3A00      	XORLW      0
0x004F	0x1903      	BTFSC      STATUS, 2
0x0050	0x2817      	GOTO       L_display214
0x0051	0x0824      	MOVF       FARG_display2_cont, 0
0x0052	0x3A01      	XORLW      1
0x0053	0x1903      	BTFSC      STATUS, 2
0x0054	0x281E      	GOTO       L_display215
0x0055	0x0824      	MOVF       FARG_display2_cont, 0
0x0056	0x3A02      	XORLW      2
0x0057	0x1903      	BTFSC      STATUS, 2
0x0058	0x2823      	GOTO       L_display216
0x0059	0x0824      	MOVF       FARG_display2_cont, 0
0x005A	0x3A03      	XORLW      3
0x005B	0x1903      	BTFSC      STATUS, 2
0x005C	0x2828      	GOTO       L_display217
0x005D	0x0824      	MOVF       FARG_display2_cont, 0
0x005E	0x3A04      	XORLW      4
0x005F	0x1903      	BTFSC      STATUS, 2
0x0060	0x282D      	GOTO       L_display218
0x0061	0x0824      	MOVF       FARG_display2_cont, 0
0x0062	0x3A05      	XORLW      5
0x0063	0x1903      	BTFSC      STATUS, 2
0x0064	0x2832      	GOTO       L_display219
0x0065	0x0824      	MOVF       FARG_display2_cont, 0
0x0066	0x3A06      	XORLW      6
0x0067	0x1903      	BTFSC      STATUS, 2
0x0068	0x2837      	GOTO       L_display220
0x0069	0x0824      	MOVF       FARG_display2_cont, 0
0x006A	0x3A07      	XORLW      7
0x006B	0x1903      	BTFSC      STATUS, 2
0x006C	0x283C      	GOTO       L_display221
0x006D	0x0824      	MOVF       FARG_display2_cont, 0
0x006E	0x3A08      	XORLW      8
0x006F	0x1903      	BTFSC      STATUS, 2
0x0070	0x2841      	GOTO       L_display222
0x0071	0x0824      	MOVF       FARG_display2_cont, 0
0x0072	0x3A09      	XORLW      9
0x0073	0x1903      	BTFSC      STATUS, 2
0x0074	0x2846      	GOTO       L_display223
L_display213:
;Questao04.c,152 :: 		}
L_end_display2:
0x0075	0x0008      	RETURN
; end of _display2
_display1:
;Questao04.c,4 :: 		void display1(char cont){
;Questao04.c,6 :: 		switch(cont){
0x0076	0x28AB      	GOTO       L_display10
;Questao04.c,7 :: 		case 0:
L_display12:
;Questao04.c,8 :: 		PORTB.RB0 = 0;
0x0077	0x1283      	BCF        STATUS, 5
0x0078	0x1303      	BCF        STATUS, 6
0x0079	0x1006      	BCF        PORTB, 0
;Questao04.c,9 :: 		PORTB.RB1 = 0;
0x007A	0x1086      	BCF        PORTB, 1
;Questao04.c,10 :: 		PORTB.RB2 = 0;
0x007B	0x1106      	BCF        PORTB, 2
;Questao04.c,11 :: 		PORTB.RB3 = 0;
0x007C	0x1186      	BCF        PORTB, 3
;Questao04.c,12 :: 		break;
0x007D	0x28D5      	GOTO       L_display11
;Questao04.c,14 :: 		case 1:
L_display13:
;Questao04.c,15 :: 		PORTB.RB0 = 1;
0x007E	0x1406      	BSF        PORTB, 0
;Questao04.c,16 :: 		PORTB.RB1 = 0;
0x007F	0x1086      	BCF        PORTB, 1
;Questao04.c,17 :: 		PORTB.RB2 = 0;
0x0080	0x1106      	BCF        PORTB, 2
;Questao04.c,18 :: 		PORTB.RB3 = 0;
0x0081	0x1186      	BCF        PORTB, 3
;Questao04.c,19 :: 		break;
0x0082	0x28D5      	GOTO       L_display11
;Questao04.c,21 :: 		case 2:
L_display14:
;Questao04.c,22 :: 		PORTB.RB0 = 0;
0x0083	0x1006      	BCF        PORTB, 0
;Questao04.c,23 :: 		PORTB.RB1 = 1;
0x0084	0x1486      	BSF        PORTB, 1
;Questao04.c,24 :: 		PORTB.RB2 = 0;
0x0085	0x1106      	BCF        PORTB, 2
;Questao04.c,25 :: 		PORTB.RB3 = 0;
0x0086	0x1186      	BCF        PORTB, 3
;Questao04.c,26 :: 		break;
0x0087	0x28D5      	GOTO       L_display11
;Questao04.c,28 :: 		case 3:
L_display15:
;Questao04.c,29 :: 		PORTB.RB0 = 1;
0x0088	0x1406      	BSF        PORTB, 0
;Questao04.c,30 :: 		PORTB.RB1 = 1;
0x0089	0x1486      	BSF        PORTB, 1
;Questao04.c,31 :: 		PORTB.RB2 = 0;
0x008A	0x1106      	BCF        PORTB, 2
;Questao04.c,32 :: 		PORTB.RB3 = 0;
0x008B	0x1186      	BCF        PORTB, 3
;Questao04.c,33 :: 		break;
0x008C	0x28D5      	GOTO       L_display11
;Questao04.c,35 :: 		case 4:
L_display16:
;Questao04.c,36 :: 		PORTB.RB0 = 0;
0x008D	0x1006      	BCF        PORTB, 0
;Questao04.c,37 :: 		PORTB.RB1 = 0;
0x008E	0x1086      	BCF        PORTB, 1
;Questao04.c,38 :: 		PORTB.RB2 = 1;
0x008F	0x1506      	BSF        PORTB, 2
;Questao04.c,39 :: 		PORTB.RB3 = 0;
0x0090	0x1186      	BCF        PORTB, 3
;Questao04.c,40 :: 		break;
0x0091	0x28D5      	GOTO       L_display11
;Questao04.c,42 :: 		case 5:
L_display17:
;Questao04.c,43 :: 		PORTB.RB0 = 1;
0x0092	0x1406      	BSF        PORTB, 0
;Questao04.c,44 :: 		PORTB.RB1 = 0;
0x0093	0x1086      	BCF        PORTB, 1
;Questao04.c,45 :: 		PORTB.RB2 = 1;
0x0094	0x1506      	BSF        PORTB, 2
;Questao04.c,46 :: 		PORTB.RB3 = 0;
0x0095	0x1186      	BCF        PORTB, 3
;Questao04.c,47 :: 		break;
0x0096	0x28D5      	GOTO       L_display11
;Questao04.c,49 :: 		case 6:
L_display18:
;Questao04.c,50 :: 		PORTB.RB0 = 0;
0x0097	0x1006      	BCF        PORTB, 0
;Questao04.c,51 :: 		PORTB.RB1 = 1;
0x0098	0x1486      	BSF        PORTB, 1
;Questao04.c,52 :: 		PORTB.RB2 = 1;
0x0099	0x1506      	BSF        PORTB, 2
;Questao04.c,53 :: 		PORTB.RB3 = 0;
0x009A	0x1186      	BCF        PORTB, 3
;Questao04.c,54 :: 		break;
0x009B	0x28D5      	GOTO       L_display11
;Questao04.c,56 :: 		case 7:
L_display19:
;Questao04.c,57 :: 		PORTB.RB0 = 1;
0x009C	0x1406      	BSF        PORTB, 0
;Questao04.c,58 :: 		PORTB.RB1 = 1;
0x009D	0x1486      	BSF        PORTB, 1
;Questao04.c,59 :: 		PORTB.RB2 = 1;
0x009E	0x1506      	BSF        PORTB, 2
;Questao04.c,60 :: 		PORTB.RB3 = 0;
0x009F	0x1186      	BCF        PORTB, 3
;Questao04.c,61 :: 		break;
0x00A0	0x28D5      	GOTO       L_display11
;Questao04.c,63 :: 		case 8:
L_display110:
;Questao04.c,64 :: 		PORTB.RB0 = 0;
0x00A1	0x1006      	BCF        PORTB, 0
;Questao04.c,65 :: 		PORTB.RB1 = 0;
0x00A2	0x1086      	BCF        PORTB, 1
;Questao04.c,66 :: 		PORTB.RB2 = 0;
0x00A3	0x1106      	BCF        PORTB, 2
;Questao04.c,67 :: 		PORTB.RB3 = 1;
0x00A4	0x1586      	BSF        PORTB, 3
;Questao04.c,68 :: 		break;
0x00A5	0x28D5      	GOTO       L_display11
;Questao04.c,70 :: 		case 9:
L_display111:
;Questao04.c,71 :: 		PORTB.RB0 = 1;
0x00A6	0x1406      	BSF        PORTB, 0
;Questao04.c,72 :: 		PORTB.RB1 = 0;
0x00A7	0x1086      	BCF        PORTB, 1
;Questao04.c,73 :: 		PORTB.RB2 = 0;
0x00A8	0x1106      	BCF        PORTB, 2
;Questao04.c,74 :: 		PORTB.RB3 = 1;
0x00A9	0x1586      	BSF        PORTB, 3
;Questao04.c,75 :: 		break;
0x00AA	0x28D5      	GOTO       L_display11
;Questao04.c,76 :: 		}
L_display10:
0x00AB	0x1283      	BCF        STATUS, 5
0x00AC	0x1303      	BCF        STATUS, 6
0x00AD	0x0824      	MOVF       FARG_display1_cont, 0
0x00AE	0x3A00      	XORLW      0
0x00AF	0x1903      	BTFSC      STATUS, 2
0x00B0	0x2877      	GOTO       L_display12
0x00B1	0x0824      	MOVF       FARG_display1_cont, 0
0x00B2	0x3A01      	XORLW      1
0x00B3	0x1903      	BTFSC      STATUS, 2
0x00B4	0x287E      	GOTO       L_display13
0x00B5	0x0824      	MOVF       FARG_display1_cont, 0
0x00B6	0x3A02      	XORLW      2
0x00B7	0x1903      	BTFSC      STATUS, 2
0x00B8	0x2883      	GOTO       L_display14
0x00B9	0x0824      	MOVF       FARG_display1_cont, 0
0x00BA	0x3A03      	XORLW      3
0x00BB	0x1903      	BTFSC      STATUS, 2
0x00BC	0x2888      	GOTO       L_display15
0x00BD	0x0824      	MOVF       FARG_display1_cont, 0
0x00BE	0x3A04      	XORLW      4
0x00BF	0x1903      	BTFSC      STATUS, 2
0x00C0	0x288D      	GOTO       L_display16
0x00C1	0x0824      	MOVF       FARG_display1_cont, 0
0x00C2	0x3A05      	XORLW      5
0x00C3	0x1903      	BTFSC      STATUS, 2
0x00C4	0x2892      	GOTO       L_display17
0x00C5	0x0824      	MOVF       FARG_display1_cont, 0
0x00C6	0x3A06      	XORLW      6
0x00C7	0x1903      	BTFSC      STATUS, 2
0x00C8	0x2897      	GOTO       L_display18
0x00C9	0x0824      	MOVF       FARG_display1_cont, 0
0x00CA	0x3A07      	XORLW      7
0x00CB	0x1903      	BTFSC      STATUS, 2
0x00CC	0x289C      	GOTO       L_display19
0x00CD	0x0824      	MOVF       FARG_display1_cont, 0
0x00CE	0x3A08      	XORLW      8
0x00CF	0x1903      	BTFSC      STATUS, 2
0x00D0	0x28A1      	GOTO       L_display110
0x00D1	0x0824      	MOVF       FARG_display1_cont, 0
0x00D2	0x3A09      	XORLW      9
0x00D3	0x1903      	BTFSC      STATUS, 2
0x00D4	0x28A6      	GOTO       L_display111
L_display11:
;Questao04.c,77 :: 		}
L_end_display1:
0x00D5	0x0008      	RETURN
; end of _display1
_main:
0x00D6	0x1283      	BCF        STATUS, 5
0x00D7	0x1303      	BCF        STATUS, 6
0x00D8	0x01A0      	CLRF       _contador2
0x00D9	0x01A1      	CLRF       _contador1
;Questao04.c,154 :: 		void main() {
;Questao04.c,156 :: 		TRISB = 0b00000000;
0x00DA	0x1683      	BSF        STATUS, 5
0x00DB	0x0186      	CLRF       TRISB
;Questao04.c,157 :: 		PORTB = 0b00000000;
0x00DC	0x1283      	BCF        STATUS, 5
0x00DD	0x0186      	CLRF       PORTB
;Questao04.c,159 :: 		while(1){
L_main24:
;Questao04.c,161 :: 		contador2++;
0x00DE	0x0AA0      	INCF       _contador2, 1
;Questao04.c,163 :: 		display1(contador1);
0x00DF	0x0821      	MOVF       _contador1, 0
0x00E0	0x00A4      	MOVWF      FARG_display1_cont
0x00E1	0x2076      	CALL       _display1
;Questao04.c,164 :: 		display2(contador2);
0x00E2	0x0820      	MOVF       _contador2, 0
0x00E3	0x00A4      	MOVWF      FARG_display2_cont
0x00E4	0x2016      	CALL       _display2
;Questao04.c,167 :: 		if(contador2 == 10){
0x00E5	0x0820      	MOVF       _contador2, 0
0x00E6	0x3A0A      	XORLW      10
0x00E7	0x1D03      	BTFSS      STATUS, 2
0x00E8	0x28F8      	GOTO       L_main26
;Questao04.c,169 :: 		contador1++;
0x00E9	0x0AA1      	INCF       _contador1, 1
;Questao04.c,170 :: 		contador2 = 0;
0x00EA	0x01A0      	CLRF       _contador2
;Questao04.c,172 :: 		display1(contador1);
0x00EB	0x0821      	MOVF       _contador1, 0
0x00EC	0x00A4      	MOVWF      FARG_display1_cont
0x00ED	0x2076      	CALL       _display1
;Questao04.c,173 :: 		display2(contador2);
0x00EE	0x0820      	MOVF       _contador2, 0
0x00EF	0x00A4      	MOVWF      FARG_display2_cont
0x00F0	0x2016      	CALL       _display2
;Questao04.c,175 :: 		if(contador1 == 10){
0x00F1	0x0821      	MOVF       _contador1, 0
0x00F2	0x3A0A      	XORLW      10
0x00F3	0x1D03      	BTFSS      STATUS, 2
0x00F4	0x28F8      	GOTO       L_main27
;Questao04.c,177 :: 		contador1 = 0;
0x00F5	0x01A1      	CLRF       _contador1
;Questao04.c,178 :: 		display1(contador1);
0x00F6	0x01A4      	CLRF       FARG_display1_cont
0x00F7	0x2076      	CALL       _display1
;Questao04.c,179 :: 		}
L_main27:
;Questao04.c,180 :: 		}
L_main26:
;Questao04.c,182 :: 		delay_ms(1000);
0x00F8	0x3006      	MOVLW      6
0x00F9	0x00FB      	MOVWF      R11
0x00FA	0x3013      	MOVLW      19
0x00FB	0x00FC      	MOVWF      R12
0x00FC	0x30AD      	MOVLW      173
0x00FD	0x00FD      	MOVWF      R13
L_main28:
0x00FE	0x0BFD      	DECFSZ     R13, 1
0x00FF	0x28FE      	GOTO       L_main28
0x0100	0x0BFC      	DECFSZ     R12, 1
0x0101	0x28FE      	GOTO       L_main28
0x0102	0x0BFB      	DECFSZ     R11, 1
0x0103	0x28FE      	GOTO       L_main28
0x0104	0x0000      	NOP
0x0105	0x0000      	NOP
;Questao04.c,183 :: 		}
0x0106	0x28DE      	GOTO       L_main24
;Questao04.c,185 :: 		}
L_end_main:
0x0107	0x2907      	GOTO       $+0
; end of _main
Symbol List:
//** Routines locations **
//ADDRESS    SIZE    PROCEDURE
//----------------------------------------------
0x0003       [7]    _____DoICP
0x000A      [12]    ___CC2DW
0x0016      [96]    _display2
0x0076      [96]    _display1
0x00D6      [50]    _main
//** Variables locations ** 
//ADDRESS    SIZE    VARIABLE
//----------------------------------------------
0x0000       [1]    INDF
0x0002       [1]    PCL
0x0003       [1]    STATUS
0x0004       [1]    FSR
0x0006       [1]    PORTB
0x000A       [1]    PCLATH
0x0020       [1]    _contador2
0x0021       [1]    _contador1
0x0022       [2]    ___DoICPAddr
0x0024       [1]    FARG_display2_cont
0x0024       [1]    FARG_display1_cont
0x0070       [1]    R0
0x0071       [1]    R1
0x0072       [1]    R2
0x0073       [1]    R3
0x0074       [1]    R4
0x0075       [1]    R5
0x0076       [1]    R6
0x0077       [1]    R7
0x0078       [1]    R8
0x0079       [1]    R9
0x007A       [1]    R10
0x007B       [1]    R11
0x007C       [1]    R12
0x007D       [1]    R13
0x007E       [1]    R14
0x007F       [1]    R15
0x0086       [1]    TRISB
