;  LST file generated by mikroListExporter - v.2.0 
; Date/Time: 12/12/2020 22:29:45
;----------------------------------------------

;Address Opcode 	ASM
0x0000	0x288B      	GOTO       139
_interacao:
;MyProject.c,27 :: 		void interacao(){
;MyProject.c,28 :: 		if( PORTA.BUTAO1 == 1 && PORTA.BUTAO2 == 1){
0x0003	0x1283      	BCF        STATUS, 5
0x0004	0x1303      	BCF        STATUS, 6
0x0005	0x1C85      	BTFSS      PORTA, 1
0x0006	0x2851      	GOTO       L_interacao9
0x0007	0x1D05      	BTFSS      PORTA, 2
0x0008	0x2851      	GOTO       L_interacao9
L__interacao18:
;MyProject.c,29 :: 		PORTB=0b00111010;
0x0009	0x303A      	MOVLW      58
0x000A	0x0086      	MOVWF      PORTB
;MyProject.c,30 :: 		Delay_ms(100);
0x000B	0x3082      	MOVLW      130
0x000C	0x00FC      	MOVWF      R12
0x000D	0x30DD      	MOVLW      221
0x000E	0x00FD      	MOVWF      R13
L_interacao10:
0x000F	0x0BFD      	DECFSZ     R13, 1
0x0010	0x280F      	GOTO       L_interacao10
0x0011	0x0BFC      	DECFSZ     R12, 1
0x0012	0x280F      	GOTO       L_interacao10
0x0013	0x0000      	NOP
0x0014	0x0000      	NOP
;MyProject.c,31 :: 		PORTB=0b00111001;
0x0015	0x3039      	MOVLW      57
0x0016	0x0086      	MOVWF      PORTB
;MyProject.c,32 :: 		Delay_ms(100);
0x0017	0x3082      	MOVLW      130
0x0018	0x00FC      	MOVWF      R12
0x0019	0x30DD      	MOVLW      221
0x001A	0x00FD      	MOVWF      R13
L_interacao11:
0x001B	0x0BFD      	DECFSZ     R13, 1
0x001C	0x281B      	GOTO       L_interacao11
0x001D	0x0BFC      	DECFSZ     R12, 1
0x001E	0x281B      	GOTO       L_interacao11
0x001F	0x0000      	NOP
0x0020	0x0000      	NOP
;MyProject.c,33 :: 		PORTB=0b00111011;
0x0021	0x303B      	MOVLW      59
0x0022	0x0086      	MOVWF      PORTB
;MyProject.c,34 :: 		Delay_ms(100);
0x0023	0x3082      	MOVLW      130
0x0024	0x00FC      	MOVWF      R12
0x0025	0x30DD      	MOVLW      221
0x0026	0x00FD      	MOVWF      R13
L_interacao12:
0x0027	0x0BFD      	DECFSZ     R13, 1
0x0028	0x2827      	GOTO       L_interacao12
0x0029	0x0BFC      	DECFSZ     R12, 1
0x002A	0x2827      	GOTO       L_interacao12
0x002B	0x0000      	NOP
0x002C	0x0000      	NOP
;MyProject.c,35 :: 		PORTB=0b00110111;
0x002D	0x3037      	MOVLW      55
0x002E	0x0086      	MOVWF      PORTB
;MyProject.c,36 :: 		Delay_ms(100);
0x002F	0x3082      	MOVLW      130
0x0030	0x00FC      	MOVWF      R12
0x0031	0x30DD      	MOVLW      221
0x0032	0x00FD      	MOVWF      R13
L_interacao13:
0x0033	0x0BFD      	DECFSZ     R13, 1
0x0034	0x2833      	GOTO       L_interacao13
0x0035	0x0BFC      	DECFSZ     R12, 1
0x0036	0x2833      	GOTO       L_interacao13
0x0037	0x0000      	NOP
0x0038	0x0000      	NOP
;MyProject.c,37 :: 		PORTB=0b00100111;
0x0039	0x3027      	MOVLW      39
0x003A	0x0086      	MOVWF      PORTB
;MyProject.c,38 :: 		Delay_ms(100);
0x003B	0x3082      	MOVLW      130
0x003C	0x00FC      	MOVWF      R12
0x003D	0x30DD      	MOVLW      221
0x003E	0x00FD      	MOVWF      R13
L_interacao14:
0x003F	0x0BFD      	DECFSZ     R13, 1
0x0040	0x283F      	GOTO       L_interacao14
0x0041	0x0BFC      	DECFSZ     R12, 1
0x0042	0x283F      	GOTO       L_interacao14
0x0043	0x0000      	NOP
0x0044	0x0000      	NOP
;MyProject.c,39 :: 		PORTB=0b00010111;
0x0045	0x3017      	MOVLW      23
0x0046	0x0086      	MOVWF      PORTB
;MyProject.c,40 :: 		Delay_ms(100);
0x0047	0x3082      	MOVLW      130
0x0048	0x00FC      	MOVWF      R12
0x0049	0x30DD      	MOVLW      221
0x004A	0x00FD      	MOVWF      R13
L_interacao15:
0x004B	0x0BFD      	DECFSZ     R13, 1
0x004C	0x284B      	GOTO       L_interacao15
0x004D	0x0BFC      	DECFSZ     R12, 1
0x004E	0x284B      	GOTO       L_interacao15
0x004F	0x0000      	NOP
0x0050	0x0000      	NOP
;MyProject.c,41 :: 		}
L_interacao9:
;MyProject.c,42 :: 		}
L_end_interacao:
0x0051	0x0008      	RETURN
; end of _interacao
_num2:
;MyProject.c,20 :: 		void num2(){
;MyProject.c,21 :: 		if(PORTA.BUTAO2 == 0) {
0x0052	0x1283      	BCF        STATUS, 5
0x0053	0x1303      	BCF        STATUS, 6
0x0054	0x1905      	BTFSC      PORTA, 2
0x0055	0x2868      	GOTO       L_num25
;MyProject.c,22 :: 		PORTB=0b01011011;
0x0056	0x305B      	MOVLW      91
0x0057	0x0086      	MOVWF      PORTB
;MyProject.c,23 :: 		Delay_ms(500);
0x0058	0x3003      	MOVLW      3
0x0059	0x00FB      	MOVWF      R11
0x005A	0x308A      	MOVLW      138
0x005B	0x00FC      	MOVWF      R12
0x005C	0x3055      	MOVLW      85
0x005D	0x00FD      	MOVWF      R13
L_num26:
0x005E	0x0BFD      	DECFSZ     R13, 1
0x005F	0x285E      	GOTO       L_num26
0x0060	0x0BFC      	DECFSZ     R12, 1
0x0061	0x285E      	GOTO       L_num26
0x0062	0x0BFB      	DECFSZ     R11, 1
0x0063	0x285E      	GOTO       L_num26
0x0064	0x0000      	NOP
0x0065	0x0000      	NOP
;MyProject.c,24 :: 		x-=x;
0x0066	0x01A2      	CLRF       _x
0x0067	0x01A3      	CLRF       _x+1
;MyProject.c,25 :: 		}
L_num25:
;MyProject.c,26 :: 		}
L_end_num2:
0x0068	0x0008      	RETURN
; end of _num2
_num1:
;MyProject.c,5 :: 		void num1(){
;MyProject.c,6 :: 		if(PORTA.BUTAO1 == 0 ){
0x0069	0x1283      	BCF        STATUS, 5
0x006A	0x1303      	BCF        STATUS, 6
0x006B	0x1885      	BTFSC      PORTA, 1
0x006C	0x288A      	GOTO       L_num10
;MyProject.c,7 :: 		x++;
0x006D	0x0AA2      	INCF       _x, 1
0x006E	0x1903      	BTFSC      STATUS, 2
0x006F	0x0AA3      	INCF       _x+1, 1
;MyProject.c,9 :: 		switch(x){
0x0070	0x2882      	GOTO       L_num11
;MyProject.c,11 :: 		case 1 : ("1");
L_num13:
;MyProject.c,12 :: 		Delay_ms(500);
0x0071	0x3003      	MOVLW      3
0x0072	0x00FB      	MOVWF      R11
0x0073	0x308A      	MOVLW      138
0x0074	0x00FC      	MOVWF      R12
0x0075	0x3055      	MOVLW      85
0x0076	0x00FD      	MOVWF      R13
L_num14:
0x0077	0x0BFD      	DECFSZ     R13, 1
0x0078	0x2877      	GOTO       L_num14
0x0079	0x0BFC      	DECFSZ     R12, 1
0x007A	0x2877      	GOTO       L_num14
0x007B	0x0BFB      	DECFSZ     R11, 1
0x007C	0x2877      	GOTO       L_num14
0x007D	0x0000      	NOP
0x007E	0x0000      	NOP
;MyProject.c,13 :: 		PORTB=0b00000110;
0x007F	0x3006      	MOVLW      6
0x0080	0x0086      	MOVWF      PORTB
;MyProject.c,14 :: 		break;
0x0081	0x288A      	GOTO       L_num12
;MyProject.c,16 :: 		}
L_num11:
0x0082	0x3000      	MOVLW      0
0x0083	0x0623      	XORWF      _x+1, 0
0x0084	0x1D03      	BTFSS      STATUS, 2
0x0085	0x2888      	GOTO       L__num120
0x0086	0x3001      	MOVLW      1
0x0087	0x0622      	XORWF      _x, 0
L__num120:
0x0088	0x1903      	BTFSC      STATUS, 2
0x0089	0x2871      	GOTO       L_num13
L_num12:
;MyProject.c,17 :: 		}
L_num10:
;MyProject.c,19 :: 		}
L_end_num1:
0x008A	0x0008      	RETURN
; end of _num1
_main:
;MyProject.c,45 :: 		void main() {
;MyProject.c,46 :: 		TRISA.BUTAO1 = 1;
0x008B	0x1683      	BSF        STATUS, 5
0x008C	0x1303      	BCF        STATUS, 6
0x008D	0x1485      	BSF        TRISA, 1
;MyProject.c,47 :: 		TRISA.BUTAO2 = 1;
0x008E	0x1505      	BSF        TRISA, 2
;MyProject.c,48 :: 		TRISB = 0b00000000;
0x008F	0x0186      	CLRF       TRISB
;MyProject.c,49 :: 		PORTB=0b00111111;
0x0090	0x303F      	MOVLW      63
0x0091	0x1283      	BCF        STATUS, 5
0x0092	0x0086      	MOVWF      PORTB
;MyProject.c,51 :: 		while(1){
L_main16:
;MyProject.c,53 :: 		interacao();
0x0093	0x2003      	CALL       _interacao
;MyProject.c,54 :: 		num1();
0x0094	0x2069      	CALL       _num1
;MyProject.c,55 :: 		num2();
0x0095	0x2052      	CALL       _num2
;MyProject.c,58 :: 		}
0x0096	0x2893      	GOTO       L_main16
;MyProject.c,59 :: 		}
L_end_main:
0x0097	0x2897      	GOTO       $+0
; end of _main
Symbol List:
//** Routines locations **
//ADDRESS    SIZE    PROCEDURE
//----------------------------------------------
0x0003      [79]    _interacao
0x0052      [23]    _num2
0x0069      [34]    _num1
0x008B      [13]    _main
//** Variables locations ** 
//ADDRESS    SIZE    VARIABLE
//----------------------------------------------
0x0000       [1]    INDF
0x0003       [1]    STATUS
0x0004       [1]    FSR
0x0005       [1]    PORTA
0x0006       [1]    PORTB
0x000A       [1]    PCLATH
0x0020       [2]    ___DoICPAddr
0x0022       [2]    _x
0x0070       [1]    R0
0x0071       [1]    R1
0x0072       [1]    R2
0x0073       [1]    R3
0x0074       [1]    R4
0x0075       [1]    R5
0x0076       [1]    R6
0x0077       [1]    R7
0x0078       [1]    R8
0x0079       [1]    R9
0x007A       [1]    R10
0x007B       [1]    R11
0x007C       [1]    R12
0x007D       [1]    R13
0x007E       [1]    R14
0x007F       [1]    R15
0x0085       [1]    TRISA
0x0086       [1]    TRISB
