;  LST file generated by mikroListExporter - v.2.0 
; Date/Time: 28/12/2020 18:58:57
;----------------------------------------------

;Address Opcode 	ASM
0x0000	0xF003EFCF  	GOTO        1950
0x0004	0x0000      	NOP
0x0006	0x0000      	NOP
0x0008	0xF000EF00  	GOTO        0
0x000C	0x0000      	NOP
0x000E	0x0000      	NOP
0x0010	0x0000      	NOP
0x0012	0x0000      	NOP
0x0014	0x0000      	NOP
0x0016	0x0000      	NOP
0x0018	0xD7F3      	BRA         0
_Delay_50us:
;__Lib_Delays.c,19 :: 		void Delay_50us() {
;__Lib_Delays.c,20 :: 		Delay_us(50);
0x001C	0x0E10      	MOVLW       16
0x001E	0x6E0D      	MOVWF       R13, 0
L_Delay_50us2:
0x0020	0x2E0D      	DECFSZ      R13, 1, 0
0x0022	0xD7FE      	BRA         L_Delay_50us2
0x0024	0x0000      	NOP
;__Lib_Delays.c,21 :: 		}
L_end_Delay_50us:
0x0026	0x0012      	RETURN      0
; end of _Delay_50us
_Delay_5500us:
;__Lib_Delays.c,31 :: 		void Delay_5500us() {
;__Lib_Delays.c,32 :: 		Delay_us(5500);
0x0028	0x0E08      	MOVLW       8
0x002A	0x6E0C      	MOVWF       R12, 0
0x002C	0x0E23      	MOVLW       35
0x002E	0x6E0D      	MOVWF       R13, 0
L_Delay_5500us5:
0x0030	0x2E0D      	DECFSZ      R13, 1, 0
0x0032	0xD7FE      	BRA         L_Delay_5500us5
0x0034	0x2E0C      	DECFSZ      R12, 1, 0
0x0036	0xD7FC      	BRA         L_Delay_5500us5
;__Lib_Delays.c,33 :: 		}
L_end_Delay_5500us:
0x0038	0x0012      	RETURN      0
; end of _Delay_5500us
_Delay_1us:
;__Lib_Delays.c,7 :: 		void Delay_1us() {
;__Lib_Delays.c,8 :: 		Delay_us(1);
0x003A	0x0000      	NOP
;__Lib_Delays.c,9 :: 		}
L_end_Delay_1us:
0x003C	0x0012      	RETURN      0
; end of _Delay_1us
_Lcd_Cmd:
;__Lib_Lcd.c,18 :: 		
;__Lib_Lcd.c,20 :: 		
0x003E	0x0100      	MOVLB       0
0x0040	0xBF76      	BTFSC       FARG_Lcd_Cmd_out_char, 7, 1
0x0042	0xD002      	BRA         L__Lcd_Cmd21
0x0044	0x968A      	BCF         LCD_D7, BitPos(LCD_D7+0) 
0x0046	0xD001      	BRA         L__Lcd_Cmd22
L__Lcd_Cmd21:
0x0048	0x868A      	BSF         LCD_D7, BitPos(LCD_D7+0) 
L__Lcd_Cmd22:
;__Lib_Lcd.c,21 :: 		
0x004A	0xBD76      	BTFSC       FARG_Lcd_Cmd_out_char, 6, 1
0x004C	0xD002      	BRA         L__Lcd_Cmd23
0x004E	0x948A      	BCF         LCD_D6, BitPos(LCD_D6+0) 
0x0050	0xD001      	BRA         L__Lcd_Cmd24
L__Lcd_Cmd23:
0x0052	0x848A      	BSF         LCD_D6, BitPos(LCD_D6+0) 
L__Lcd_Cmd24:
;__Lib_Lcd.c,22 :: 		
0x0054	0xBB76      	BTFSC       FARG_Lcd_Cmd_out_char, 5, 1
0x0056	0xD002      	BRA         L__Lcd_Cmd25
0x0058	0x928A      	BCF         LCD_D5, BitPos(LCD_D5+0) 
0x005A	0xD001      	BRA         L__Lcd_Cmd26
L__Lcd_Cmd25:
0x005C	0x828A      	BSF         LCD_D5, BitPos(LCD_D5+0) 
L__Lcd_Cmd26:
;__Lib_Lcd.c,23 :: 		
0x005E	0xB976      	BTFSC       FARG_Lcd_Cmd_out_char, 4, 1
0x0060	0xD002      	BRA         L__Lcd_Cmd27
0x0062	0x908A      	BCF         LCD_D4, BitPos(LCD_D4+0) 
0x0064	0xD001      	BRA         L__Lcd_Cmd28
L__Lcd_Cmd27:
0x0066	0x808A      	BSF         LCD_D4, BitPos(LCD_D4+0) 
L__Lcd_Cmd28:
;__Lib_Lcd.c,25 :: 		
0x0068	0xB164      	BTFSC       __Lib_Lcd_cmd_status, BitPos(__Lib_Lcd_cmd_status+0), 1
0x006A	0xD002      	BRA         L__Lcd_Cmd29
0x006C	0x888A      	BSF         LCD_RS, BitPos(LCD_RS+0) 
0x006E	0xD001      	BRA         L__Lcd_Cmd30
L__Lcd_Cmd29:
0x0070	0x988A      	BCF         LCD_RS, BitPos(LCD_RS+0) 
L__Lcd_Cmd30:
;__Lib_Lcd.c,28 :: 		
0x0072	0x8A8A      	BSF         LCD_EN, BitPos(LCD_EN+0) 
;__Lib_Lcd.c,29 :: 		
0x0074	0xDFE2      	RCALL       _Delay_1us
;__Lib_Lcd.c,30 :: 		
0x0076	0x9A8A      	BCF         LCD_EN, BitPos(LCD_EN+0) 
;__Lib_Lcd.c,33 :: 		
0x0078	0xB776      	BTFSC       FARG_Lcd_Cmd_out_char, 3, 1
0x007A	0xD002      	BRA         L__Lcd_Cmd31
0x007C	0x968A      	BCF         LCD_D7, BitPos(LCD_D7+0) 
0x007E	0xD001      	BRA         L__Lcd_Cmd32
L__Lcd_Cmd31:
0x0080	0x868A      	BSF         LCD_D7, BitPos(LCD_D7+0) 
L__Lcd_Cmd32:
;__Lib_Lcd.c,34 :: 		
0x0082	0xB576      	BTFSC       FARG_Lcd_Cmd_out_char, 2, 1
0x0084	0xD002      	BRA         L__Lcd_Cmd33
0x0086	0x948A      	BCF         LCD_D6, BitPos(LCD_D6+0) 
0x0088	0xD001      	BRA         L__Lcd_Cmd34
L__Lcd_Cmd33:
0x008A	0x848A      	BSF         LCD_D6, BitPos(LCD_D6+0) 
L__Lcd_Cmd34:
;__Lib_Lcd.c,35 :: 		
0x008C	0xB376      	BTFSC       FARG_Lcd_Cmd_out_char, 1, 1
0x008E	0xD002      	BRA         L__Lcd_Cmd35
0x0090	0x928A      	BCF         LCD_D5, BitPos(LCD_D5+0) 
0x0092	0xD001      	BRA         L__Lcd_Cmd36
L__Lcd_Cmd35:
0x0094	0x828A      	BSF         LCD_D5, BitPos(LCD_D5+0) 
L__Lcd_Cmd36:
;__Lib_Lcd.c,36 :: 		
0x0096	0xB176      	BTFSC       FARG_Lcd_Cmd_out_char, 0, 1
0x0098	0xD002      	BRA         L__Lcd_Cmd37
0x009A	0x908A      	BCF         LCD_D4, BitPos(LCD_D4+0) 
0x009C	0xD001      	BRA         L__Lcd_Cmd38
L__Lcd_Cmd37:
0x009E	0x808A      	BSF         LCD_D4, BitPos(LCD_D4+0) 
L__Lcd_Cmd38:
;__Lib_Lcd.c,38 :: 		
0x00A0	0xB164      	BTFSC       __Lib_Lcd_cmd_status, BitPos(__Lib_Lcd_cmd_status+0), 1
0x00A2	0xD002      	BRA         L__Lcd_Cmd39
0x00A4	0x888A      	BSF         LCD_RS, BitPos(LCD_RS+0) 
0x00A6	0xD001      	BRA         L__Lcd_Cmd40
L__Lcd_Cmd39:
0x00A8	0x988A      	BCF         LCD_RS, BitPos(LCD_RS+0) 
L__Lcd_Cmd40:
;__Lib_Lcd.c,40 :: 		
0x00AA	0x8A8A      	BSF         LCD_EN, BitPos(LCD_EN+0) 
;__Lib_Lcd.c,41 :: 		
0x00AC	0xDFC6      	RCALL       _Delay_1us
;__Lib_Lcd.c,42 :: 		
0x00AE	0x9A8A      	BCF         LCD_EN, BitPos(LCD_EN+0) 
;__Lib_Lcd.c,44 :: 		
0x00B0	0xA164      	BTFSS       __Lib_Lcd_cmd_status, BitPos(__Lib_Lcd_cmd_status+0), 1
0x00B2	0xD002      	BRA         L_Lcd_Cmd0
;__Lib_Lcd.c,45 :: 		
0x00B4	0xDFB9      	RCALL       _Delay_5500us
0x00B6	0xD001      	BRA         L_Lcd_Cmd1
L_Lcd_Cmd0:
;__Lib_Lcd.c,47 :: 		
0x00B8	0xDFB1      	RCALL       _Delay_50us
L_Lcd_Cmd1:
;__Lib_Lcd.c,48 :: 		
L_end_Lcd_Cmd:
0x00BA	0x0012      	RETURN      0
; end of _Lcd_Cmd
_Div_16X16_U:
;__Lib_Math.c,102 :: 		
;__Lib_Math.c,109 :: 		
0x00BC	0x6A08      	CLRF        R8, 0
;__Lib_Math.c,110 :: 		
0x00BE	0x6A09      	CLRF        R9, 0
;__Lib_Math.c,111 :: 		
0x00C0	0x0E10      	MOVLW       16
;__Lib_Math.c,112 :: 		
0x00C2	0x6E0C      	MOVWF       R12, 0
;__Lib_Math.c,113 :: 		
0x00C4	0x3401      	RLCF        R1, 0, 0
;__Lib_Math.c,114 :: 		
0x00C6	0x3608      	RLCF        R8, 1, 0
;__Lib_Math.c,115 :: 		
0x00C8	0x3609      	RLCF        R9, 1, 0
;__Lib_Math.c,116 :: 		
0x00CA	0x5004      	MOVF        R4, 0, 0
;__Lib_Math.c,117 :: 		
0x00CC	0x5E08      	SUBWF       R8, 1, 0
;__Lib_Math.c,118 :: 		
0x00CE	0x5005      	MOVF        R5, 0, 0
;__Lib_Math.c,119 :: 		
0x00D0	0xA0D8      	BTFSS       STATUS, 0, 0
;__Lib_Math.c,120 :: 		
0x00D2	0x3C05      	INCFSZ      R5, 0, 0
;__Lib_Math.c,121 :: 		
0x00D4	0x5E09      	SUBWF       R9, 1, 0
;__Lib_Math.c,122 :: 		
0x00D6	0xB0D8      	BTFSC       STATUS, 0, 0
;__Lib_Math.c,123 :: 		
0x00D8	0xD007      	BRA         $+16
;__Lib_Math.c,124 :: 		
0x00DA	0x5004      	MOVF        R4, 0, 0
;__Lib_Math.c,125 :: 		
0x00DC	0x2608      	ADDWF       R8, 1, 0
;__Lib_Math.c,126 :: 		
0x00DE	0x5005      	MOVF        R5, 0, 0
;__Lib_Math.c,127 :: 		
0x00E0	0xB0D8      	BTFSC       STATUS, 0, 0
;__Lib_Math.c,128 :: 		
0x00E2	0x3C05      	INCFSZ      R5, 0, 0
;__Lib_Math.c,129 :: 		
0x00E4	0x2609      	ADDWF       R9, 1, 0
;__Lib_Math.c,130 :: 		
0x00E6	0x90D8      	BCF         STATUS, 0, 0
;__Lib_Math.c,131 :: 		
0x00E8	0x3600      	RLCF        R0, 1, 0
;__Lib_Math.c,132 :: 		
0x00EA	0x3601      	RLCF        R1, 1, 0
;__Lib_Math.c,133 :: 		
0x00EC	0x2E0C      	DECFSZ      R12, 1, 0
;__Lib_Math.c,134 :: 		
0x00EE	0xD7EA      	BRA         $-42
;__Lib_Math.c,136 :: 		
L_end_Div_16X16_U:
0x00F0	0x0012      	RETURN      0
; end of _Div_16X16_U
_Lcd_Chr_CP:
;__Lib_Lcd.c,50 :: 		
;__Lib_Lcd.c,52 :: 		
0x00F2	0x0100      	MOVLB       0
0x00F4	0x9164      	BCF         __Lib_Lcd_cmd_status, BitPos(__Lib_Lcd_cmd_status+0), 1
;__Lib_Lcd.c,53 :: 		
0x00F6	0xF076C06F  	MOVFF       FARG_Lcd_Chr_CP_out_char, FARG_Lcd_Cmd_out_char
0x00FA	0xDFA1      	RCALL       _Lcd_Cmd
;__Lib_Lcd.c,54 :: 		
0x00FC	0x8164      	BSF         __Lib_Lcd_cmd_status, BitPos(__Lib_Lcd_cmd_status+0), 1
;__Lib_Lcd.c,55 :: 		
L_end_Lcd_Chr_CP:
0x00FE	0x0012      	RETURN      0
; end of _Lcd_Chr_CP
_WordToStr:
;__Lib_Conversions.c,98 :: 		
;__Lib_Conversions.c,103 :: 		
0x0100	0x0100      	MOVLB       0
0x0102	0x6B73      	CLRF        WordToStr_len_L0, 1
L_WordToStr11:
0x0104	0x0E05      	MOVLW       5
0x0106	0x5D73      	SUBWF       WordToStr_len_L0, 0, 1
0x0108	0xE20A      	BC          L_WordToStr12
;__Lib_Conversions.c,104 :: 		
0x010A	0x5173      	MOVF        WordToStr_len_L0, 0, 1
0x010C	0x2571      	ADDWF       FARG_WordToStr_output, 0, 1
0x010E	0x6EE1      	MOVWF       FSR1L 
0x0110	0x0E00      	MOVLW       0
0x0112	0x2172      	ADDWFC      FARG_WordToStr_output+1, 0, 1
0x0114	0x6EE2      	MOVWF       FSR1L+1 
0x0116	0x0E20      	MOVLW       32
0x0118	0x6EE6      	MOVWF       POSTINC1 
;__Lib_Conversions.c,103 :: 		
0x011A	0x2B73      	INCF        WordToStr_len_L0, 1, 1
;__Lib_Conversions.c,104 :: 		
0x011C	0xD7F3      	BRA         L_WordToStr11
L_WordToStr12:
;__Lib_Conversions.c,105 :: 		
0x011E	0x5173      	MOVF        WordToStr_len_L0, 0, 1
0x0120	0x2571      	ADDWF       FARG_WordToStr_output, 0, 1
0x0122	0x6EE1      	MOVWF       FSR1L 
0x0124	0x0E00      	MOVLW       0
0x0126	0x2172      	ADDWFC      FARG_WordToStr_output+1, 0, 1
0x0128	0x6EE2      	MOVWF       FSR1L+1 
0x012A	0x6AE6      	CLRF        POSTINC1 
0x012C	0x0773      	DECF        WordToStr_len_L0, 1, 1
;__Lib_Conversions.c,107 :: 		
L_WordToStr14:
;__Lib_Conversions.c,108 :: 		
0x012E	0x5173      	MOVF        WordToStr_len_L0, 0, 1
0x0130	0x2571      	ADDWF       FARG_WordToStr_output, 0, 1
0x0132	0x6F74      	MOVWF       FLOC__WordToStr, 1
0x0134	0x0E00      	MOVLW       0
0x0136	0x2172      	ADDWFC      FARG_WordToStr_output+1, 0, 1
0x0138	0x6F75      	MOVWF       FLOC__WordToStr+1, 1
0x013A	0x0E0A      	MOVLW       10
0x013C	0x6E04      	MOVWF       R4 
0x013E	0x0E00      	MOVLW       0
0x0140	0x6E05      	MOVWF       R5 
0x0142	0xF000C06F  	MOVFF       FARG_WordToStr_input, R0
0x0146	0xF001C070  	MOVFF       FARG_WordToStr_input+1, R1
0x014A	0xDFB8      	RCALL       _Div_16X16_U
0x014C	0xF000C008  	MOVFF       R8, R0
0x0150	0xF001C009  	MOVFF       R9, R1
0x0154	0x0E30      	MOVLW       48
0x0156	0x2600      	ADDWF       R0, 1 
0x0158	0xFFE1C074  	MOVFF       FLOC__WordToStr, FSR1L
0x015C	0xFFE2C075  	MOVFF       FLOC__WordToStr+1, FSR1H
0x0160	0xFFE6C000  	MOVFF       R0, POSTINC1
;__Lib_Conversions.c,109 :: 		
0x0164	0x0E0A      	MOVLW       10
0x0166	0x6E04      	MOVWF       R4 
0x0168	0x0E00      	MOVLW       0
0x016A	0x6E05      	MOVWF       R5 
0x016C	0xF000C06F  	MOVFF       FARG_WordToStr_input, R0
0x0170	0xF001C070  	MOVFF       FARG_WordToStr_input+1, R1
0x0174	0xDFA3      	RCALL       _Div_16X16_U
0x0176	0xF06FC000  	MOVFF       R0, FARG_WordToStr_input
0x017A	0xF070C001  	MOVFF       R1, FARG_WordToStr_input+1
;__Lib_Conversions.c,110 :: 		
0x017E	0x0E00      	MOVLW       0
0x0180	0x1801      	XORWF       R1, 0 
0x0182	0xE102      	BNZ         L__WordToStr379
0x0184	0x0E00      	MOVLW       0
0x0186	0x1800      	XORWF       R0, 0 
L__WordToStr379:
0x0188	0xE101      	BNZ         L_WordToStr16
;__Lib_Conversions.c,111 :: 		
0x018A	0xD002      	BRA         L_WordToStr15
L_WordToStr16:
;__Lib_Conversions.c,112 :: 		
0x018C	0x0773      	DECF        WordToStr_len_L0, 1, 1
;__Lib_Conversions.c,113 :: 		
0x018E	0xD7CF      	BRA         L_WordToStr14
L_WordToStr15:
;__Lib_Conversions.c,114 :: 		
L_end_WordToStr:
0x0190	0x0012      	RETURN      0
; end of _WordToStr
_Lcd_Init:
;__Lib_Lcd.c,84 :: 		
;__Lib_Lcd.c,86 :: 		
0x0192	0x9A93      	BCF         LCD_EN_Direction, BitPos(LCD_EN_Direction+0) 
;__Lib_Lcd.c,87 :: 		
0x0194	0x9893      	BCF         LCD_RS_Direction, BitPos(LCD_RS_Direction+0) 
;__Lib_Lcd.c,88 :: 		
0x0196	0x9093      	BCF         LCD_D4_Direction, BitPos(LCD_D4_Direction+0) 
;__Lib_Lcd.c,89 :: 		
0x0198	0x9293      	BCF         LCD_D5_Direction, BitPos(LCD_D5_Direction+0) 
;__Lib_Lcd.c,90 :: 		
0x019A	0x9493      	BCF         LCD_D6_Direction, BitPos(LCD_D6_Direction+0) 
;__Lib_Lcd.c,91 :: 		
0x019C	0x9693      	BCF         LCD_D7_Direction, BitPos(LCD_D7_Direction+0) 
;__Lib_Lcd.c,93 :: 		
0x019E	0x9A8A      	BCF         LCD_EN, BitPos(LCD_EN+0) 
;__Lib_Lcd.c,94 :: 		
0x01A0	0x988A      	BCF         LCD_RS, BitPos(LCD_RS+0) 
;__Lib_Lcd.c,95 :: 		
0x01A2	0x968A      	BCF         LCD_D7, BitPos(LCD_D7+0) 
;__Lib_Lcd.c,96 :: 		
0x01A4	0x948A      	BCF         LCD_D6, BitPos(LCD_D6+0) 
;__Lib_Lcd.c,97 :: 		
0x01A6	0x928A      	BCF         LCD_D5, BitPos(LCD_D5+0) 
;__Lib_Lcd.c,98 :: 		
0x01A8	0x908A      	BCF         LCD_D4, BitPos(LCD_D4+0) 
;__Lib_Lcd.c,100 :: 		
0x01AA	0xDF3E      	RCALL       _Delay_5500us
;__Lib_Lcd.c,101 :: 		
0x01AC	0xDF3D      	RCALL       _Delay_5500us
;__Lib_Lcd.c,102 :: 		
0x01AE	0xDF3C      	RCALL       _Delay_5500us
;__Lib_Lcd.c,105 :: 		
0x01B0	0x828A      	BSF         LCD_D5, BitPos(LCD_D5+0) 
;__Lib_Lcd.c,106 :: 		
0x01B2	0x808A      	BSF         LCD_D4, BitPos(LCD_D4+0) 
;__Lib_Lcd.c,107 :: 		
0x01B4	0x8A8A      	BSF         LCD_EN, BitPos(LCD_EN+0) 
;__Lib_Lcd.c,108 :: 		
0x01B6	0xDF41      	RCALL       _Delay_1us
;__Lib_Lcd.c,109 :: 		
0x01B8	0x9A8A      	BCF         LCD_EN, BitPos(LCD_EN+0) 
;__Lib_Lcd.c,110 :: 		
0x01BA	0xDF36      	RCALL       _Delay_5500us
;__Lib_Lcd.c,112 :: 		
0x01BC	0x8A8A      	BSF         LCD_EN, BitPos(LCD_EN+0) 
;__Lib_Lcd.c,113 :: 		
0x01BE	0xDF3D      	RCALL       _Delay_1us
;__Lib_Lcd.c,114 :: 		
0x01C0	0x9A8A      	BCF         LCD_EN, BitPos(LCD_EN+0) 
;__Lib_Lcd.c,115 :: 		
0x01C2	0xDF32      	RCALL       _Delay_5500us
;__Lib_Lcd.c,117 :: 		
0x01C4	0x8A8A      	BSF         LCD_EN, BitPos(LCD_EN+0) 
;__Lib_Lcd.c,118 :: 		
0x01C6	0xDF39      	RCALL       _Delay_1us
;__Lib_Lcd.c,119 :: 		
0x01C8	0x9A8A      	BCF         LCD_EN, BitPos(LCD_EN+0) 
;__Lib_Lcd.c,120 :: 		
0x01CA	0xDF2E      	RCALL       _Delay_5500us
;__Lib_Lcd.c,123 :: 		
0x01CC	0x908A      	BCF         LCD_D4, BitPos(LCD_D4+0) 
;__Lib_Lcd.c,124 :: 		
0x01CE	0x8A8A      	BSF         LCD_EN, BitPos(LCD_EN+0) 
;__Lib_Lcd.c,125 :: 		
0x01D0	0xDF34      	RCALL       _Delay_1us
;__Lib_Lcd.c,126 :: 		
0x01D2	0x9A8A      	BCF         LCD_EN, BitPos(LCD_EN+0) 
;__Lib_Lcd.c,127 :: 		
0x01D4	0xDF29      	RCALL       _Delay_5500us
;__Lib_Lcd.c,130 :: 		
0x01D6	0x8A8A      	BSF         LCD_EN, BitPos(LCD_EN+0) 
;__Lib_Lcd.c,131 :: 		
0x01D8	0xDF30      	RCALL       _Delay_1us
;__Lib_Lcd.c,132 :: 		
0x01DA	0x9A8A      	BCF         LCD_EN, BitPos(LCD_EN+0) 
;__Lib_Lcd.c,134 :: 		
0x01DC	0x928A      	BCF         LCD_D5, BitPos(LCD_D5+0) 
;__Lib_Lcd.c,135 :: 		
0x01DE	0x868A      	BSF         LCD_D7, BitPos(LCD_D7+0) 
;__Lib_Lcd.c,136 :: 		
0x01E0	0x8A8A      	BSF         LCD_EN, BitPos(LCD_EN+0) 
;__Lib_Lcd.c,137 :: 		
0x01E2	0xDF2B      	RCALL       _Delay_1us
;__Lib_Lcd.c,138 :: 		
0x01E4	0x9A8A      	BCF         LCD_EN, BitPos(LCD_EN+0) 
;__Lib_Lcd.c,139 :: 		
0x01E6	0xDF20      	RCALL       _Delay_5500us
;__Lib_Lcd.c,142 :: 		
0x01E8	0x968A      	BCF         LCD_D7, BitPos(LCD_D7+0) 
;__Lib_Lcd.c,143 :: 		
0x01EA	0x808A      	BSF         LCD_D4, BitPos(LCD_D4+0) 
;__Lib_Lcd.c,144 :: 		
0x01EC	0x8A8A      	BSF         LCD_EN, BitPos(LCD_EN+0) 
;__Lib_Lcd.c,145 :: 		
0x01EE	0xDF25      	RCALL       _Delay_1us
;__Lib_Lcd.c,146 :: 		
0x01F0	0x9A8A      	BCF         LCD_EN, BitPos(LCD_EN+0) 
;__Lib_Lcd.c,148 :: 		
0x01F2	0x908A      	BCF         LCD_D4, BitPos(LCD_D4+0) 
;__Lib_Lcd.c,149 :: 		
0x01F4	0x8A8A      	BSF         LCD_EN, BitPos(LCD_EN+0) 
;__Lib_Lcd.c,150 :: 		
0x01F6	0xDF21      	RCALL       _Delay_1us
;__Lib_Lcd.c,151 :: 		
0x01F8	0x9A8A      	BCF         LCD_EN, BitPos(LCD_EN+0) 
;__Lib_Lcd.c,152 :: 		
0x01FA	0xDF16      	RCALL       _Delay_5500us
;__Lib_Lcd.c,155 :: 		
0x01FC	0x8A8A      	BSF         LCD_EN, BitPos(LCD_EN+0) 
;__Lib_Lcd.c,156 :: 		
0x01FE	0xDF1D      	RCALL       _Delay_1us
;__Lib_Lcd.c,157 :: 		
0x0200	0x9A8A      	BCF         LCD_EN, BitPos(LCD_EN+0) 
;__Lib_Lcd.c,159 :: 		
0x0202	0x808A      	BSF         LCD_D4, BitPos(LCD_D4+0) 
;__Lib_Lcd.c,160 :: 		
0x0204	0x8A8A      	BSF         LCD_EN, BitPos(LCD_EN+0) 
;__Lib_Lcd.c,161 :: 		
0x0206	0xDF19      	RCALL       _Delay_1us
;__Lib_Lcd.c,162 :: 		
0x0208	0x9A8A      	BCF         LCD_EN, BitPos(LCD_EN+0) 
;__Lib_Lcd.c,163 :: 		
0x020A	0xDF0E      	RCALL       _Delay_5500us
;__Lib_Lcd.c,166 :: 		
0x020C	0x908A      	BCF         LCD_D4, BitPos(LCD_D4+0) 
;__Lib_Lcd.c,167 :: 		
0x020E	0x8A8A      	BSF         LCD_EN, BitPos(LCD_EN+0) 
;__Lib_Lcd.c,168 :: 		
0x0210	0xDF14      	RCALL       _Delay_1us
;__Lib_Lcd.c,169 :: 		
0x0212	0x9A8A      	BCF         LCD_EN, BitPos(LCD_EN+0) 
;__Lib_Lcd.c,171 :: 		
0x0214	0x868A      	BSF         LCD_D7, BitPos(LCD_D7+0) 
;__Lib_Lcd.c,172 :: 		
0x0216	0x848A      	BSF         LCD_D6, BitPos(LCD_D6+0) 
;__Lib_Lcd.c,173 :: 		
0x0218	0x828A      	BSF         LCD_D5, BitPos(LCD_D5+0) 
;__Lib_Lcd.c,174 :: 		
0x021A	0x808A      	BSF         LCD_D4, BitPos(LCD_D4+0) 
;__Lib_Lcd.c,175 :: 		
0x021C	0x8A8A      	BSF         LCD_EN, BitPos(LCD_EN+0) 
;__Lib_Lcd.c,176 :: 		
0x021E	0xDF0D      	RCALL       _Delay_1us
;__Lib_Lcd.c,177 :: 		
0x0220	0x9A8A      	BCF         LCD_EN, BitPos(LCD_EN+0) 
;__Lib_Lcd.c,179 :: 		
0x0222	0xDF02      	RCALL       _Delay_5500us
;__Lib_Lcd.c,181 :: 		
0x0224	0x0100      	MOVLB       0
0x0226	0x8164      	BSF         __Lib_Lcd_cmd_status, BitPos(__Lib_Lcd_cmd_status+0), 1
;__Lib_Lcd.c,182 :: 		
L_end_Lcd_Init:
0x0228	0x0012      	RETURN      0
; end of _Lcd_Init
_IntToStr:
;__Lib_Conversions.c,195 :: 		
;__Lib_Conversions.c,201 :: 		
0x022A	0x0100      	MOVLB       0
0x022C	0x6B6B      	CLRF        IntToStr_negative_L0, 1
0x022E	0x6B6C      	CLRF        IntToStr_negative_L0+1, 1
;__Lib_Conversions.c,202 :: 		
0x0230	0xF06DC065  	MOVFF       FARG_IntToStr_input, IntToStr_inword_L0
0x0234	0xF06EC066  	MOVFF       FARG_IntToStr_input+1, IntToStr_inword_L0+1
;__Lib_Conversions.c,203 :: 		
0x0238	0x0E80      	MOVLW       128
0x023A	0x1966      	XORWF       FARG_IntToStr_input+1, 0, 1
0x023C	0x6E00      	MOVWF       R0 
0x023E	0x0E80      	MOVLW       128
0x0240	0x5C00      	SUBWF       R0, 0 
0x0242	0xE102      	BNZ         L__IntToStr387
0x0244	0x0E00      	MOVLW       0
0x0246	0x5D65      	SUBWF       FARG_IntToStr_input, 0, 1
L__IntToStr387:
0x0248	0xE20B      	BC          L_IntToStr37
;__Lib_Conversions.c,204 :: 		
0x024A	0x0E01      	MOVLW       1
0x024C	0x6F6B      	MOVWF       IntToStr_negative_L0, 1
0x024E	0x0E00      	MOVLW       0
0x0250	0x6F6C      	MOVWF       IntToStr_negative_L0+1, 1
;__Lib_Conversions.c,205 :: 		
0x0252	0x5165      	MOVF        FARG_IntToStr_input, 0, 1
0x0254	0x0800      	SUBLW       0
0x0256	0x6F6D      	MOVWF       IntToStr_inword_L0, 1
0x0258	0xF06EC066  	MOVFF       FARG_IntToStr_input+1, IntToStr_inword_L0+1
0x025C	0x0E00      	MOVLW       0
0x025E	0x576E      	SUBFWB      IntToStr_inword_L0+1, 1, 1
;__Lib_Conversions.c,206 :: 		
L_IntToStr37:
;__Lib_Conversions.c,207 :: 		
0x0260	0xF06FC06D  	MOVFF       IntToStr_inword_L0, FARG_WordToStr_input
0x0264	0xF070C06E  	MOVFF       IntToStr_inword_L0+1, FARG_WordToStr_input+1
0x0268	0xF071C067  	MOVFF       FARG_IntToStr_output, FARG_WordToStr_output
0x026C	0xF072C068  	MOVFF       FARG_IntToStr_output+1, FARG_WordToStr_output+1
0x0270	0xDF47      	RCALL       _WordToStr
;__Lib_Conversions.c,209 :: 		
0x0272	0x0E06      	MOVLW       6
0x0274	0x6F69      	MOVWF       IntToStr_i_L0, 1
0x0276	0x0E00      	MOVLW       0
0x0278	0x6F6A      	MOVWF       IntToStr_i_L0+1, 1
;__Lib_Conversions.c,210 :: 		
L_IntToStr38:
0x027A	0x0E00      	MOVLW       0
0x027C	0x6E00      	MOVWF       R0 
0x027E	0x516A      	MOVF        IntToStr_i_L0+1, 0, 1
0x0280	0x5C00      	SUBWF       R0, 0 
0x0282	0xE102      	BNZ         L__IntToStr388
0x0284	0x5169      	MOVF        IntToStr_i_L0, 0, 1
0x0286	0x0800      	SUBLW       0
L__IntToStr388:
0x0288	0xE219      	BC          L_IntToStr39
;__Lib_Conversions.c,211 :: 		
0x028A	0x5169      	MOVF        IntToStr_i_L0, 0, 1
0x028C	0x2567      	ADDWF       FARG_IntToStr_output, 0, 1
0x028E	0x6EE1      	MOVWF       FSR1L 
0x0290	0x516A      	MOVF        IntToStr_i_L0+1, 0, 1
0x0292	0x2168      	ADDWFC      FARG_IntToStr_output+1, 0, 1
0x0294	0x6EE2      	MOVWF       FSR1L+1 
0x0296	0x0E01      	MOVLW       1
0x0298	0x5D69      	SUBWF       IntToStr_i_L0, 0, 1
0x029A	0x6E00      	MOVWF       R0 
0x029C	0x0E00      	MOVLW       0
0x029E	0x596A      	SUBWFB      IntToStr_i_L0+1, 0, 1
0x02A0	0x6E01      	MOVWF       R1 
0x02A2	0x5000      	MOVF        R0, 0 
0x02A4	0x2567      	ADDWF       FARG_IntToStr_output, 0, 1
0x02A6	0x6EE9      	MOVWF       FSR0L 
0x02A8	0x5001      	MOVF        R1, 0 
0x02AA	0x2168      	ADDWFC      FARG_IntToStr_output+1, 0, 1
0x02AC	0x6EEA      	MOVWF       FSR0L+1 
0x02AE	0xFFE6CFEE  	MOVFF       POSTINC0, POSTINC1
;__Lib_Conversions.c,212 :: 		
0x02B2	0x0E01      	MOVLW       1
0x02B4	0x5F69      	SUBWF       IntToStr_i_L0, 1, 1
0x02B6	0x0E00      	MOVLW       0
0x02B8	0x5B6A      	SUBWFB      IntToStr_i_L0+1, 1, 1
;__Lib_Conversions.c,213 :: 		
0x02BA	0xD7DF      	BRA         L_IntToStr38
L_IntToStr39:
;__Lib_Conversions.c,214 :: 		
0x02BC	0xFFE1C067  	MOVFF       FARG_IntToStr_output, FSR1L
0x02C0	0xFFE2C068  	MOVFF       FARG_IntToStr_output+1, FSR1H
0x02C4	0x0E20      	MOVLW       32
0x02C6	0x6EE6      	MOVWF       POSTINC1 
;__Lib_Conversions.c,215 :: 		
0x02C8	0x516B      	MOVF        IntToStr_negative_L0, 0, 1
0x02CA	0x116C      	IORWF       IntToStr_negative_L0+1, 0, 1
0x02CC	0xE01A      	BZ          L_IntToStr40
;__Lib_Conversions.c,216 :: 		
0x02CE	0x6B69      	CLRF        IntToStr_i_L0, 1
0x02D0	0x6B6A      	CLRF        IntToStr_i_L0+1, 1
;__Lib_Conversions.c,217 :: 		
L_IntToStr41:
0x02D2	0x5169      	MOVF        IntToStr_i_L0, 0, 1
0x02D4	0x2567      	ADDWF       FARG_IntToStr_output, 0, 1
0x02D6	0x6EE9      	MOVWF       FSR0L 
0x02D8	0x516A      	MOVF        IntToStr_i_L0+1, 0, 1
0x02DA	0x2168      	ADDWFC      FARG_IntToStr_output+1, 0, 1
0x02DC	0x6EEA      	MOVWF       FSR0L+1 
0x02DE	0x50EE      	MOVF        POSTINC0, 0 
0x02E0	0x0A20      	XORLW       32
0x02E2	0xE103      	BNZ         L_IntToStr42
0x02E4	0x4B69      	INFSNZ      IntToStr_i_L0, 1, 1
0x02E6	0x2B6A      	INCF        IntToStr_i_L0+1, 1, 1
0x02E8	0xD7F4      	BRA         L_IntToStr41
L_IntToStr42:
;__Lib_Conversions.c,218 :: 		
0x02EA	0x0E01      	MOVLW       1
0x02EC	0x5F69      	SUBWF       IntToStr_i_L0, 1, 1
0x02EE	0x0E00      	MOVLW       0
0x02F0	0x5B6A      	SUBWFB      IntToStr_i_L0+1, 1, 1
;__Lib_Conversions.c,219 :: 		
0x02F2	0x5169      	MOVF        IntToStr_i_L0, 0, 1
0x02F4	0x2567      	ADDWF       FARG_IntToStr_output, 0, 1
0x02F6	0x6EE1      	MOVWF       FSR1L 
0x02F8	0x516A      	MOVF        IntToStr_i_L0+1, 0, 1
0x02FA	0x2168      	ADDWFC      FARG_IntToStr_output+1, 0, 1
0x02FC	0x6EE2      	MOVWF       FSR1L+1 
0x02FE	0x0E2D      	MOVLW       45
0x0300	0x6EE6      	MOVWF       POSTINC1 
L_IntToStr40:
;__Lib_Conversions.c,220 :: 		
L_end_IntToStr:
0x0302	0x0012      	RETURN      0
; end of _IntToStr
_Lcd_Out:
;__Lib_Lcd.c,184 :: 		
;__Lib_Lcd.c,187 :: 		
0x0304	0xD010      	BRA         L_Lcd_Out11
;__Lib_Lcd.c,188 :: 		
L_Lcd_Out13:
0x0306	0x0E80      	MOVLW       128
0x0308	0x0100      	MOVLB       0
0x030A	0x6F65      	MOVWF       FARG_Lcd_Out_row, 1
0x030C	0xD01A      	BRA         L_Lcd_Out12
;__Lib_Lcd.c,189 :: 		
L_Lcd_Out14:
0x030E	0x0EC0      	MOVLW       192
0x0310	0x6F65      	MOVWF       FARG_Lcd_Out_row, 1
0x0312	0xD017      	BRA         L_Lcd_Out12
;__Lib_Lcd.c,190 :: 		
L_Lcd_Out15:
0x0314	0x0E94      	MOVLW       148
0x0316	0x6F65      	MOVWF       FARG_Lcd_Out_row, 1
0x0318	0xD014      	BRA         L_Lcd_Out12
;__Lib_Lcd.c,191 :: 		
L_Lcd_Out16:
0x031A	0x0ED4      	MOVLW       212
0x031C	0x6F65      	MOVWF       FARG_Lcd_Out_row, 1
0x031E	0xD011      	BRA         L_Lcd_Out12
;__Lib_Lcd.c,192 :: 		
L_Lcd_Out17:
0x0320	0x0E80      	MOVLW       128
0x0322	0x6F65      	MOVWF       FARG_Lcd_Out_row, 1
;__Lib_Lcd.c,193 :: 		
0x0324	0xD00E      	BRA         L_Lcd_Out12
L_Lcd_Out11:
0x0326	0x0100      	MOVLB       0
0x0328	0x5165      	MOVF        FARG_Lcd_Out_row, 0, 1
0x032A	0x0A01      	XORLW       1
0x032C	0xE0EC      	BZ          L_Lcd_Out13
0x032E	0x5165      	MOVF        FARG_Lcd_Out_row, 0, 1
0x0330	0x0A02      	XORLW       2
0x0332	0xE0ED      	BZ          L_Lcd_Out14
0x0334	0x5165      	MOVF        FARG_Lcd_Out_row, 0, 1
0x0336	0x0A03      	XORLW       3
0x0338	0xE0ED      	BZ          L_Lcd_Out15
0x033A	0x5165      	MOVF        FARG_Lcd_Out_row, 0, 1
0x033C	0x0A04      	XORLW       4
0x033E	0xE0ED      	BZ          L_Lcd_Out16
0x0340	0xD7EF      	BRA         L_Lcd_Out17
L_Lcd_Out12:
;__Lib_Lcd.c,194 :: 		
0x0342	0x0566      	DECF        FARG_Lcd_Out_column, 0, 1
0x0344	0x6E00      	MOVWF       R0 
0x0346	0x5165      	MOVF        FARG_Lcd_Out_row, 0, 1
0x0348	0x2600      	ADDWF       R0, 1 
0x034A	0xF065C000  	MOVFF       R0, FARG_Lcd_Out_row
;__Lib_Lcd.c,196 :: 		
0x034E	0xF076C000  	MOVFF       R0, FARG_Lcd_Cmd_out_char
0x0352	0xDE75      	RCALL       _Lcd_Cmd
;__Lib_Lcd.c,197 :: 		
0x0354	0x9164      	BCF         __Lib_Lcd_cmd_status, BitPos(__Lib_Lcd_cmd_status+0), 1
;__Lib_Lcd.c,198 :: 		
0x0356	0x6B69      	CLRF        Lcd_Out_i_L0, 1
;__Lib_Lcd.c,199 :: 		
L_Lcd_Out18:
0x0358	0x5169      	MOVF        Lcd_Out_i_L0, 0, 1
0x035A	0x2567      	ADDWF       FARG_Lcd_Out_text, 0, 1
0x035C	0x6EE9      	MOVWF       FSR0L 
0x035E	0x0E00      	MOVLW       0
0x0360	0x2168      	ADDWFC      FARG_Lcd_Out_text+1, 0, 1
0x0362	0x6EEA      	MOVWF       FSR0L+1 
0x0364	0x52EE      	MOVF        POSTINC0, 1 
0x0366	0xE00B      	BZ          L_Lcd_Out19
;__Lib_Lcd.c,200 :: 		
0x0368	0x5169      	MOVF        Lcd_Out_i_L0, 0, 1
0x036A	0x2567      	ADDWF       FARG_Lcd_Out_text, 0, 1
0x036C	0x6EE9      	MOVWF       FSR0L 
0x036E	0x0E00      	MOVLW       0
0x0370	0x2168      	ADDWFC      FARG_Lcd_Out_text+1, 0, 1
0x0372	0x6EEA      	MOVWF       FSR0L+1 
0x0374	0xF06FCFEE  	MOVFF       POSTINC0, FARG_Lcd_Chr_CP_out_char
0x0378	0xDEBC      	RCALL       _Lcd_Chr_CP
0x037A	0x2B69      	INCF        Lcd_Out_i_L0, 1, 1
0x037C	0xD7ED      	BRA         L_Lcd_Out18
L_Lcd_Out19:
;__Lib_Lcd.c,201 :: 		
0x037E	0x8164      	BSF         __Lib_Lcd_cmd_status, BitPos(__Lib_Lcd_cmd_status+0), 1
;__Lib_Lcd.c,202 :: 		
L_end_Lcd_Out:
0x0380	0x0012      	RETURN      0
; end of _Lcd_Out
___CC2DW:
;__Lib_System.c,21 :: 		
;__Lib_System.c,23 :: 		
_CC2DL_Loop1:
;__Lib_System.c,24 :: 		
0x0382	0x0009      	TBLRD*+
;__Lib_System.c,25 :: 		
0x0384	0xFFE6CFF5  	MOVFF       TABLAT, POSTINC1
;__Lib_System.c,26 :: 		
0x0388	0x0600      	DECF        R0, 1, 0
;__Lib_System.c,27 :: 		
0x038A	0xE1FB      	BNZ         _CC2DL_Loop1
;__Lib_System.c,28 :: 		
0x038C	0x0601      	DECF        R1, 1, 0
;__Lib_System.c,29 :: 		
0x038E	0xE1F9      	BNZ         _CC2DL_Loop1
;__Lib_System.c,31 :: 		
L_end___CC2DW:
0x0390	0x0012      	RETURN      0
; end of ___CC2DW
_inicio:
;Estacionamento.c,28 :: 		void inicio(){                       //Inicio do programa
;Estacionamento.c,29 :: 		Lcd_Init();
0x0392	0xDEFF      	RCALL       _Lcd_Init
;Estacionamento.c,30 :: 		Lcd_Cmd(_LCD_CLEAR);
0x0394	0x0E01      	MOVLW       1
0x0396	0x6F76      	MOVWF       FARG_Lcd_Cmd_out_char, 1
0x0398	0xDE52      	RCALL       _Lcd_Cmd
;Estacionamento.c,31 :: 		Lcd_Cmd(_LCD_CURSOR_OFF);
0x039A	0x0E0C      	MOVLW       12
0x039C	0x6F76      	MOVWF       FARG_Lcd_Cmd_out_char, 1
0x039E	0xDE4F      	RCALL       _Lcd_Cmd
;Estacionamento.c,33 :: 		Lcd_Out(1, 1, "VAGAS TOT.:     16");
0x03A0	0x0E01      	MOVLW       1
0x03A2	0x6F65      	MOVWF       FARG_Lcd_Out_row, 1
0x03A4	0x0E01      	MOVLW       1
0x03A6	0x6F66      	MOVWF       FARG_Lcd_Out_column, 1
0x03A8	0x0E37      	MOVLW       ?lstr1_Estacionamento
0x03AA	0x6F67      	MOVWF       FARG_Lcd_Out_text, 1
0x03AC	0x0E00      	MOVLW       hi_addr(?lstr1_Estacionamento)
0x03AE	0x6F68      	MOVWF       FARG_Lcd_Out_text+1, 1
0x03B0	0xDFA9      	RCALL       _Lcd_Out
;Estacionamento.c,34 :: 		Lcd_Out(3, 1, "VAGAS OCUP.:     0");
0x03B2	0x0E03      	MOVLW       3
0x03B4	0x6F65      	MOVWF       FARG_Lcd_Out_row, 1
0x03B6	0x0E01      	MOVLW       1
0x03B8	0x6F66      	MOVWF       FARG_Lcd_Out_column, 1
0x03BA	0x0E4A      	MOVLW       ?lstr2_Estacionamento
0x03BC	0x6F67      	MOVWF       FARG_Lcd_Out_text, 1
0x03BE	0x0E00      	MOVLW       hi_addr(?lstr2_Estacionamento)
0x03C0	0x6F68      	MOVWF       FARG_Lcd_Out_text+1, 1
0x03C2	0xDFA0      	RCALL       _Lcd_Out
;Estacionamento.c,35 :: 		}
L_end_inicio:
0x03C4	0x0012      	RETURN      0
; end of _inicio
_displays:
;Estacionamento.c,37 :: 		void displays(){              //Função do display
;Estacionamento.c,39 :: 		if(conta == 0){ // 16            //Contagem de vagas disponiveis
0x03C6	0x0E00      	MOVLW       0
0x03C8	0x182D      	XORWF       _conta+1, 0 
0x03CA	0xE102      	BNZ         L__displays43
0x03CC	0x0E00      	MOVLW       0
0x03CE	0x182C      	XORWF       _conta, 0 
L__displays43:
0x03D0	0xE109      	BNZ         L_displays0
;Estacionamento.c,41 :: 		PORTE.RE2 = 1;
0x03D2	0x8484      	BSF         PORTE, 2 
;Estacionamento.c,42 :: 		PORTA.RA1 = 0;
0x03D4	0x9280      	BCF         PORTA, 1 
;Estacionamento.c,43 :: 		PORTA.RA2 = 0;
0x03D6	0x9480      	BCF         PORTA, 2 
;Estacionamento.c,44 :: 		PORTA.RA3 = 0;
0x03D8	0x9680      	BCF         PORTA, 3 
;Estacionamento.c,47 :: 		PORTA.RA4 = 0;
0x03DA	0x9880      	BCF         PORTA, 4 
;Estacionamento.c,48 :: 		PORTA.RA5 = 1;
0x03DC	0x8A80      	BSF         PORTA, 5 
;Estacionamento.c,49 :: 		PORTB.RB6 = 1;
0x03DE	0x8C81      	BSF         PORTB, 6 
;Estacionamento.c,50 :: 		PORTB.RB7 = 0;
0x03E0	0x9E81      	BCF         PORTB, 7 
;Estacionamento.c,52 :: 		LATC.RC2 = 0;                 //Acende o led do estacionameto
0x03E2	0x948B      	BCF         LATC, 2 
;Estacionamento.c,54 :: 		}
L_displays0:
;Estacionamento.c,55 :: 		if(conta == 1){ // 15            //Contagem de vagas disponiveis
0x03E4	0x0E00      	MOVLW       0
0x03E6	0x182D      	XORWF       _conta+1, 0 
0x03E8	0xE102      	BNZ         L__displays44
0x03EA	0x0E01      	MOVLW       1
0x03EC	0x182C      	XORWF       _conta, 0 
L__displays44:
0x03EE	0xE10A      	BNZ         L_displays1
;Estacionamento.c,58 :: 		PORTE.RE2 = 1;
0x03F0	0x8484      	BSF         PORTE, 2 
;Estacionamento.c,59 :: 		PORTA.RA1 = 0;
0x03F2	0x9280      	BCF         PORTA, 1 
;Estacionamento.c,60 :: 		PORTA.RA2 = 0;
0x03F4	0x9480      	BCF         PORTA, 2 
;Estacionamento.c,61 :: 		PORTA.RA3 = 0;
0x03F6	0x9680      	BCF         PORTA, 3 
;Estacionamento.c,64 :: 		PORTA.RA4 = 1;
0x03F8	0x8880      	BSF         PORTA, 4 
;Estacionamento.c,65 :: 		PORTA.RA5 = 0;
0x03FA	0x9A80      	BCF         PORTA, 5 
;Estacionamento.c,66 :: 		PORTB.RB6 = 1;
0x03FC	0x8C81      	BSF         PORTB, 6 
;Estacionamento.c,67 :: 		PORTB.RB7 = 0;
0x03FE	0x9E81      	BCF         PORTB, 7 
;Estacionamento.c,69 :: 		LATC.RC2 = 1;                 //Acende o led do estacionameto
0x0400	0x848B      	BSF         LATC, 2 
;Estacionamento.c,70 :: 		LATC.RC3 = 0;
0x0402	0x968B      	BCF         LATC, 3 
;Estacionamento.c,72 :: 		}
L_displays1:
;Estacionamento.c,74 :: 		if(conta == 2){ // 14              //Contagem de vagas disponiveis
0x0404	0x0E00      	MOVLW       0
0x0406	0x182D      	XORWF       _conta+1, 0 
0x0408	0xE102      	BNZ         L__displays45
0x040A	0x0E02      	MOVLW       2
0x040C	0x182C      	XORWF       _conta, 0 
L__displays45:
0x040E	0xE10A      	BNZ         L_displays2
;Estacionamento.c,76 :: 		PORTE.RE2 = 1;
0x0410	0x8484      	BSF         PORTE, 2 
;Estacionamento.c,77 :: 		PORTA.RA1 = 0;
0x0412	0x9280      	BCF         PORTA, 1 
;Estacionamento.c,78 :: 		PORTA.RA2 = 0;
0x0414	0x9480      	BCF         PORTA, 2 
;Estacionamento.c,79 :: 		PORTA.RA3 = 0;
0x0416	0x9680      	BCF         PORTA, 3 
;Estacionamento.c,81 :: 		PORTA.RA4 = 0;
0x0418	0x9880      	BCF         PORTA, 4 
;Estacionamento.c,82 :: 		PORTA.RA5 = 0;
0x041A	0x9A80      	BCF         PORTA, 5 
;Estacionamento.c,83 :: 		PORTB.RB6 = 1;
0x041C	0x8C81      	BSF         PORTB, 6 
;Estacionamento.c,84 :: 		PORTB.RB7 = 0;
0x041E	0x9E81      	BCF         PORTB, 7 
;Estacionamento.c,86 :: 		LATC.RC3 = 1;                  //Acende o led do estacionameto
0x0420	0x868B      	BSF         LATC, 3 
;Estacionamento.c,87 :: 		LATC.RC4 = 0;
0x0422	0x988B      	BCF         LATC, 4 
;Estacionamento.c,89 :: 		}
L_displays2:
;Estacionamento.c,91 :: 		if(conta == 3){ // 13          //Contagem de vagas disponiveis
0x0424	0x0E00      	MOVLW       0
0x0426	0x182D      	XORWF       _conta+1, 0 
0x0428	0xE102      	BNZ         L__displays46
0x042A	0x0E03      	MOVLW       3
0x042C	0x182C      	XORWF       _conta, 0 
L__displays46:
0x042E	0xE10A      	BNZ         L_displays3
;Estacionamento.c,93 :: 		PORTE.RE2 = 1;
0x0430	0x8484      	BSF         PORTE, 2 
;Estacionamento.c,94 :: 		PORTA.RA1 = 0;
0x0432	0x9280      	BCF         PORTA, 1 
;Estacionamento.c,95 :: 		PORTA.RA2 = 0;
0x0434	0x9480      	BCF         PORTA, 2 
;Estacionamento.c,96 :: 		PORTA.RA3 = 0;
0x0436	0x9680      	BCF         PORTA, 3 
;Estacionamento.c,98 :: 		PORTA.RA4 = 1;
0x0438	0x8880      	BSF         PORTA, 4 
;Estacionamento.c,99 :: 		PORTA.RA5 = 1;
0x043A	0x8A80      	BSF         PORTA, 5 
;Estacionamento.c,100 :: 		PORTB.RB6 = 0;
0x043C	0x9C81      	BCF         PORTB, 6 
;Estacionamento.c,101 :: 		PORTB.RB7 = 0;
0x043E	0x9E81      	BCF         PORTB, 7 
;Estacionamento.c,103 :: 		LATC.RC4 = 1;                //Acende o led do estacionameto
0x0440	0x888B      	BSF         LATC, 4 
;Estacionamento.c,104 :: 		LATC.RC5 = 0;
0x0442	0x9A8B      	BCF         LATC, 5 
;Estacionamento.c,106 :: 		}
L_displays3:
;Estacionamento.c,108 :: 		if(conta == 4){ // 12             //Contagem de vagas disponiveis
0x0444	0x0E00      	MOVLW       0
0x0446	0x182D      	XORWF       _conta+1, 0 
0x0448	0xE102      	BNZ         L__displays47
0x044A	0x0E04      	MOVLW       4
0x044C	0x182C      	XORWF       _conta, 0 
L__displays47:
0x044E	0xE10A      	BNZ         L_displays4
;Estacionamento.c,110 :: 		PORTE.RE2 = 1;
0x0450	0x8484      	BSF         PORTE, 2 
;Estacionamento.c,111 :: 		PORTA.RA1 = 0;
0x0452	0x9280      	BCF         PORTA, 1 
;Estacionamento.c,112 :: 		PORTA.RA2 = 0;
0x0454	0x9480      	BCF         PORTA, 2 
;Estacionamento.c,113 :: 		PORTA.RA3 = 0;
0x0456	0x9680      	BCF         PORTA, 3 
;Estacionamento.c,115 :: 		PORTA.RA4 = 0;
0x0458	0x9880      	BCF         PORTA, 4 
;Estacionamento.c,116 :: 		PORTA.RA5 = 1;
0x045A	0x8A80      	BSF         PORTA, 5 
;Estacionamento.c,117 :: 		PORTB.RB6 = 0;
0x045C	0x9C81      	BCF         PORTB, 6 
;Estacionamento.c,118 :: 		PORTB.RB7 = 0;
0x045E	0x9E81      	BCF         PORTB, 7 
;Estacionamento.c,120 :: 		LATC.RC5 = 1;             //Acende o led do estacionameto
0x0460	0x8A8B      	BSF         LATC, 5 
;Estacionamento.c,121 :: 		LATC.RC6 = 0;
0x0462	0x9C8B      	BCF         LATC, 6 
;Estacionamento.c,123 :: 		}
L_displays4:
;Estacionamento.c,125 :: 		if(conta == 5){ // 11            //Contagem de vagas disponiveis
0x0464	0x0E00      	MOVLW       0
0x0466	0x182D      	XORWF       _conta+1, 0 
0x0468	0xE102      	BNZ         L__displays48
0x046A	0x0E05      	MOVLW       5
0x046C	0x182C      	XORWF       _conta, 0 
L__displays48:
0x046E	0xE10A      	BNZ         L_displays5
;Estacionamento.c,127 :: 		PORTE.RE2 = 1;
0x0470	0x8484      	BSF         PORTE, 2 
;Estacionamento.c,128 :: 		PORTA.RA1 = 0;
0x0472	0x9280      	BCF         PORTA, 1 
;Estacionamento.c,129 :: 		PORTA.RA2 = 0;
0x0474	0x9480      	BCF         PORTA, 2 
;Estacionamento.c,130 :: 		PORTA.RA3 = 0;
0x0476	0x9680      	BCF         PORTA, 3 
;Estacionamento.c,132 :: 		PORTA.RA4 = 1;
0x0478	0x8880      	BSF         PORTA, 4 
;Estacionamento.c,133 :: 		PORTA.RA5 = 0;
0x047A	0x9A80      	BCF         PORTA, 5 
;Estacionamento.c,134 :: 		PORTB.RB6 = 0;
0x047C	0x9C81      	BCF         PORTB, 6 
;Estacionamento.c,135 :: 		PORTB.RB7 = 0;
0x047E	0x9E81      	BCF         PORTB, 7 
;Estacionamento.c,137 :: 		LATC.RC6 = 1;                //Acende o led do estacionameto
0x0480	0x8C8B      	BSF         LATC, 6 
;Estacionamento.c,138 :: 		LATC.RC7 = 0;
0x0482	0x9E8B      	BCF         LATC, 7 
;Estacionamento.c,140 :: 		}
L_displays5:
;Estacionamento.c,142 :: 		if(conta == 6){ // 10         //Contagem de vagas disponiveis
0x0484	0x0E00      	MOVLW       0
0x0486	0x182D      	XORWF       _conta+1, 0 
0x0488	0xE102      	BNZ         L__displays49
0x048A	0x0E06      	MOVLW       6
0x048C	0x182C      	XORWF       _conta, 0 
L__displays49:
0x048E	0xE10A      	BNZ         L_displays6
;Estacionamento.c,144 :: 		PORTE.RE2 = 1;
0x0490	0x8484      	BSF         PORTE, 2 
;Estacionamento.c,145 :: 		PORTA.RA1 = 0;
0x0492	0x9280      	BCF         PORTA, 1 
;Estacionamento.c,146 :: 		PORTA.RA2 = 0;
0x0494	0x9480      	BCF         PORTA, 2 
;Estacionamento.c,147 :: 		PORTA.RA3 = 0;
0x0496	0x9680      	BCF         PORTA, 3 
;Estacionamento.c,149 :: 		PORTA.RA4 = 0;
0x0498	0x9880      	BCF         PORTA, 4 
;Estacionamento.c,150 :: 		PORTA.RA5 = 0;
0x049A	0x9A80      	BCF         PORTA, 5 
;Estacionamento.c,151 :: 		PORTB.RB6 = 0;
0x049C	0x9C81      	BCF         PORTB, 6 
;Estacionamento.c,152 :: 		PORTB.RB7 = 0;
0x049E	0x9E81      	BCF         PORTB, 7 
;Estacionamento.c,154 :: 		LATC.RC7 = 1;             //Acende o led do estacionameto
0x04A0	0x8E8B      	BSF         LATC, 7 
;Estacionamento.c,155 :: 		LATD.RD0 = 0;
0x04A2	0x908C      	BCF         LATD, 0 
;Estacionamento.c,157 :: 		}
L_displays6:
;Estacionamento.c,159 :: 		if(conta == 7){ // 09         //Contagem de vagas disponiveis
0x04A4	0x0E00      	MOVLW       0
0x04A6	0x182D      	XORWF       _conta+1, 0 
0x04A8	0xE102      	BNZ         L__displays50
0x04AA	0x0E07      	MOVLW       7
0x04AC	0x182C      	XORWF       _conta, 0 
L__displays50:
0x04AE	0xE10A      	BNZ         L_displays7
;Estacionamento.c,161 :: 		PORTE.RE2 = 0;
0x04B0	0x9484      	BCF         PORTE, 2 
;Estacionamento.c,162 :: 		PORTA.RA1 = 0;
0x04B2	0x9280      	BCF         PORTA, 1 
;Estacionamento.c,163 :: 		PORTA.RA2 = 0;
0x04B4	0x9480      	BCF         PORTA, 2 
;Estacionamento.c,164 :: 		PORTA.RA3 = 0;
0x04B6	0x9680      	BCF         PORTA, 3 
;Estacionamento.c,166 :: 		PORTA.RA4 = 1;
0x04B8	0x8880      	BSF         PORTA, 4 
;Estacionamento.c,167 :: 		PORTA.RA5 = 0;
0x04BA	0x9A80      	BCF         PORTA, 5 
;Estacionamento.c,168 :: 		PORTB.RB6 = 0;
0x04BC	0x9C81      	BCF         PORTB, 6 
;Estacionamento.c,169 :: 		PORTB.RB7 = 1;
0x04BE	0x8E81      	BSF         PORTB, 7 
;Estacionamento.c,171 :: 		LATD.RD0 = 1;                    //Acende o led do estacionameto
0x04C0	0x808C      	BSF         LATD, 0 
;Estacionamento.c,172 :: 		LATD.RD1 = 0;
0x04C2	0x928C      	BCF         LATD, 1 
;Estacionamento.c,174 :: 		}
L_displays7:
;Estacionamento.c,176 :: 		if(conta == 8){ // 08            //Contagem de vagas disponiveis
0x04C4	0x0E00      	MOVLW       0
0x04C6	0x182D      	XORWF       _conta+1, 0 
0x04C8	0xE102      	BNZ         L__displays51
0x04CA	0x0E08      	MOVLW       8
0x04CC	0x182C      	XORWF       _conta, 0 
L__displays51:
0x04CE	0xE10A      	BNZ         L_displays8
;Estacionamento.c,178 :: 		PORTE.RE2 = 0;
0x04D0	0x9484      	BCF         PORTE, 2 
;Estacionamento.c,179 :: 		PORTA.RA1 = 0;
0x04D2	0x9280      	BCF         PORTA, 1 
;Estacionamento.c,180 :: 		PORTA.RA2 = 0;
0x04D4	0x9480      	BCF         PORTA, 2 
;Estacionamento.c,181 :: 		PORTA.RA3 = 0;
0x04D6	0x9680      	BCF         PORTA, 3 
;Estacionamento.c,183 :: 		PORTA.RA4 = 0;
0x04D8	0x9880      	BCF         PORTA, 4 
;Estacionamento.c,184 :: 		PORTA.RA5 = 0;
0x04DA	0x9A80      	BCF         PORTA, 5 
;Estacionamento.c,185 :: 		PORTB.RB6 = 0;
0x04DC	0x9C81      	BCF         PORTB, 6 
;Estacionamento.c,186 :: 		PORTB.RB7 = 1;
0x04DE	0x8E81      	BSF         PORTB, 7 
;Estacionamento.c,188 :: 		LATD.RD1 = 1;                     //Acende o led do estacionameto
0x04E0	0x828C      	BSF         LATD, 1 
;Estacionamento.c,189 :: 		LATD.RD2 = 0;
0x04E2	0x948C      	BCF         LATD, 2 
;Estacionamento.c,191 :: 		}
L_displays8:
;Estacionamento.c,193 :: 		if(conta == 9){ // 07            //Contagem de vagas disponiveis
0x04E4	0x0E00      	MOVLW       0
0x04E6	0x182D      	XORWF       _conta+1, 0 
0x04E8	0xE102      	BNZ         L__displays52
0x04EA	0x0E09      	MOVLW       9
0x04EC	0x182C      	XORWF       _conta, 0 
L__displays52:
0x04EE	0xE10A      	BNZ         L_displays9
;Estacionamento.c,195 :: 		PORTE.RE2 = 0;
0x04F0	0x9484      	BCF         PORTE, 2 
;Estacionamento.c,196 :: 		PORTA.RA1 = 0;
0x04F2	0x9280      	BCF         PORTA, 1 
;Estacionamento.c,197 :: 		PORTA.RA2 = 0;
0x04F4	0x9480      	BCF         PORTA, 2 
;Estacionamento.c,198 :: 		PORTA.RA3 = 0;
0x04F6	0x9680      	BCF         PORTA, 3 
;Estacionamento.c,200 :: 		PORTA.RA4 = 1;
0x04F8	0x8880      	BSF         PORTA, 4 
;Estacionamento.c,201 :: 		PORTA.RA5 = 1;
0x04FA	0x8A80      	BSF         PORTA, 5 
;Estacionamento.c,202 :: 		PORTB.RB6 = 1;
0x04FC	0x8C81      	BSF         PORTB, 6 
;Estacionamento.c,203 :: 		PORTB.RB7 = 0;
0x04FE	0x9E81      	BCF         PORTB, 7 
;Estacionamento.c,205 :: 		LATD.RD2 = 1;                     //Acende o led do estacionameto
0x0500	0x848C      	BSF         LATD, 2 
;Estacionamento.c,206 :: 		LATD.RD3 = 0;
0x0502	0x968C      	BCF         LATD, 3 
;Estacionamento.c,208 :: 		}
L_displays9:
;Estacionamento.c,210 :: 		if(conta == 10){ // 06          //Contagem de vagas disponiveis
0x0504	0x0E00      	MOVLW       0
0x0506	0x182D      	XORWF       _conta+1, 0 
0x0508	0xE102      	BNZ         L__displays53
0x050A	0x0E0A      	MOVLW       10
0x050C	0x182C      	XORWF       _conta, 0 
L__displays53:
0x050E	0xE10A      	BNZ         L_displays10
;Estacionamento.c,212 :: 		PORTE.RE2 = 0;
0x0510	0x9484      	BCF         PORTE, 2 
;Estacionamento.c,213 :: 		PORTA.RA1 = 0;
0x0512	0x9280      	BCF         PORTA, 1 
;Estacionamento.c,214 :: 		PORTA.RA2 = 0;
0x0514	0x9480      	BCF         PORTA, 2 
;Estacionamento.c,215 :: 		PORTA.RA3 = 0;
0x0516	0x9680      	BCF         PORTA, 3 
;Estacionamento.c,217 :: 		PORTA.RA4 = 0;
0x0518	0x9880      	BCF         PORTA, 4 
;Estacionamento.c,218 :: 		PORTA.RA5 = 1;
0x051A	0x8A80      	BSF         PORTA, 5 
;Estacionamento.c,219 :: 		PORTB.RB6 = 1;
0x051C	0x8C81      	BSF         PORTB, 6 
;Estacionamento.c,220 :: 		PORTB.RB7 = 0;
0x051E	0x9E81      	BCF         PORTB, 7 
;Estacionamento.c,222 :: 		LATD.RD3 = 1;
0x0520	0x868C      	BSF         LATD, 3 
;Estacionamento.c,223 :: 		LATD.RD4 = 0;                     //Acende o led do estacionameto
0x0522	0x988C      	BCF         LATD, 4 
;Estacionamento.c,225 :: 		}
L_displays10:
;Estacionamento.c,227 :: 		if(conta == 11){ // 05        //Contagem de vagas disponiveis
0x0524	0x0E00      	MOVLW       0
0x0526	0x182D      	XORWF       _conta+1, 0 
0x0528	0xE102      	BNZ         L__displays54
0x052A	0x0E0B      	MOVLW       11
0x052C	0x182C      	XORWF       _conta, 0 
L__displays54:
0x052E	0xE10A      	BNZ         L_displays11
;Estacionamento.c,229 :: 		PORTE.RE2 = 0;
0x0530	0x9484      	BCF         PORTE, 2 
;Estacionamento.c,230 :: 		PORTA.RA1 = 0;
0x0532	0x9280      	BCF         PORTA, 1 
;Estacionamento.c,231 :: 		PORTA.RA2 = 0;
0x0534	0x9480      	BCF         PORTA, 2 
;Estacionamento.c,232 :: 		PORTA.RA3 = 0;
0x0536	0x9680      	BCF         PORTA, 3 
;Estacionamento.c,234 :: 		PORTA.RA4 = 1;
0x0538	0x8880      	BSF         PORTA, 4 
;Estacionamento.c,235 :: 		PORTA.RA5 = 0;
0x053A	0x9A80      	BCF         PORTA, 5 
;Estacionamento.c,236 :: 		PORTB.RB6 = 1;
0x053C	0x8C81      	BSF         PORTB, 6 
;Estacionamento.c,237 :: 		PORTB.RB7 = 0;
0x053E	0x9E81      	BCF         PORTB, 7 
;Estacionamento.c,239 :: 		LATD.RD4 = 1;                      //Acende o led do estacionameto
0x0540	0x888C      	BSF         LATD, 4 
;Estacionamento.c,240 :: 		LATD.RD5 = 0;
0x0542	0x9A8C      	BCF         LATD, 5 
;Estacionamento.c,242 :: 		}
L_displays11:
;Estacionamento.c,244 :: 		if(conta == 12){ // 04       //Contagem de vagas disponiveis
0x0544	0x0E00      	MOVLW       0
0x0546	0x182D      	XORWF       _conta+1, 0 
0x0548	0xE102      	BNZ         L__displays55
0x054A	0x0E0C      	MOVLW       12
0x054C	0x182C      	XORWF       _conta, 0 
L__displays55:
0x054E	0xE10A      	BNZ         L_displays12
;Estacionamento.c,246 :: 		PORTE.RE2 = 0;
0x0550	0x9484      	BCF         PORTE, 2 
;Estacionamento.c,247 :: 		PORTA.RA1 = 0;
0x0552	0x9280      	BCF         PORTA, 1 
;Estacionamento.c,248 :: 		PORTA.RA2 = 0;
0x0554	0x9480      	BCF         PORTA, 2 
;Estacionamento.c,249 :: 		PORTA.RA3 = 0;
0x0556	0x9680      	BCF         PORTA, 3 
;Estacionamento.c,251 :: 		PORTA.RA4 = 0;
0x0558	0x9880      	BCF         PORTA, 4 
;Estacionamento.c,252 :: 		PORTA.RA5 = 0;
0x055A	0x9A80      	BCF         PORTA, 5 
;Estacionamento.c,253 :: 		PORTB.RB6 = 1;
0x055C	0x8C81      	BSF         PORTB, 6 
;Estacionamento.c,254 :: 		PORTB.RB7 = 0;
0x055E	0x9E81      	BCF         PORTB, 7 
;Estacionamento.c,256 :: 		LATD.RD5 = 1;                   //Acende o led do estacionameto
0x0560	0x8A8C      	BSF         LATD, 5 
;Estacionamento.c,257 :: 		LATD.RD6 = 0;
0x0562	0x9C8C      	BCF         LATD, 6 
;Estacionamento.c,259 :: 		}
L_displays12:
;Estacionamento.c,261 :: 		if(conta == 13){ // 03         //Contagem de vagas disponiveis
0x0564	0x0E00      	MOVLW       0
0x0566	0x182D      	XORWF       _conta+1, 0 
0x0568	0xE102      	BNZ         L__displays56
0x056A	0x0E0D      	MOVLW       13
0x056C	0x182C      	XORWF       _conta, 0 
L__displays56:
0x056E	0xE10A      	BNZ         L_displays13
;Estacionamento.c,263 :: 		PORTE.RE2 = 0;
0x0570	0x9484      	BCF         PORTE, 2 
;Estacionamento.c,264 :: 		PORTA.RA1 = 0;
0x0572	0x9280      	BCF         PORTA, 1 
;Estacionamento.c,265 :: 		PORTA.RA2 = 0;
0x0574	0x9480      	BCF         PORTA, 2 
;Estacionamento.c,266 :: 		PORTA.RA3 = 0;
0x0576	0x9680      	BCF         PORTA, 3 
;Estacionamento.c,268 :: 		PORTA.RA4 = 1;
0x0578	0x8880      	BSF         PORTA, 4 
;Estacionamento.c,269 :: 		PORTA.RA5 = 1;
0x057A	0x8A80      	BSF         PORTA, 5 
;Estacionamento.c,270 :: 		PORTB.RB6 = 0;
0x057C	0x9C81      	BCF         PORTB, 6 
;Estacionamento.c,271 :: 		PORTB.RB7 = 0;
0x057E	0x9E81      	BCF         PORTB, 7 
;Estacionamento.c,273 :: 		LATD.RD6 = 1;                    //Acende o led do estacionameto
0x0580	0x8C8C      	BSF         LATD, 6 
;Estacionamento.c,274 :: 		LATD.RD7 = 0;
0x0582	0x9E8C      	BCF         LATD, 7 
;Estacionamento.c,276 :: 		}
L_displays13:
;Estacionamento.c,278 :: 		if(conta == 14){ // 02       //Contagem de vagas disponiveis
0x0584	0x0E00      	MOVLW       0
0x0586	0x182D      	XORWF       _conta+1, 0 
0x0588	0xE102      	BNZ         L__displays57
0x058A	0x0E0E      	MOVLW       14
0x058C	0x182C      	XORWF       _conta, 0 
L__displays57:
0x058E	0xE10A      	BNZ         L_displays14
;Estacionamento.c,280 :: 		PORTE.RE2 = 0;
0x0590	0x9484      	BCF         PORTE, 2 
;Estacionamento.c,281 :: 		PORTA.RA1 = 0;
0x0592	0x9280      	BCF         PORTA, 1 
;Estacionamento.c,282 :: 		PORTA.RA2 = 0;
0x0594	0x9480      	BCF         PORTA, 2 
;Estacionamento.c,283 :: 		PORTA.RA3 = 0;
0x0596	0x9680      	BCF         PORTA, 3 
;Estacionamento.c,285 :: 		PORTA.RA4 = 0;
0x0598	0x9880      	BCF         PORTA, 4 
;Estacionamento.c,286 :: 		PORTA.RA5 = 1;
0x059A	0x8A80      	BSF         PORTA, 5 
;Estacionamento.c,287 :: 		PORTB.RB6 = 0;
0x059C	0x9C81      	BCF         PORTB, 6 
;Estacionamento.c,288 :: 		PORTB.RB7 = 0;
0x059E	0x9E81      	BCF         PORTB, 7 
;Estacionamento.c,290 :: 		LATD.RD7 = 1;                   //Acende o led do estacionameto
0x05A0	0x8E8C      	BSF         LATD, 7 
;Estacionamento.c,291 :: 		LATE.RE0 = 0;
0x05A2	0x908D      	BCF         LATE, 0 
;Estacionamento.c,293 :: 		}
L_displays14:
;Estacionamento.c,295 :: 		if(conta == 15){ // 01       //Contagem de vagas disponiveis
0x05A4	0x0E00      	MOVLW       0
0x05A6	0x182D      	XORWF       _conta+1, 0 
0x05A8	0xE102      	BNZ         L__displays58
0x05AA	0x0E0F      	MOVLW       15
0x05AC	0x182C      	XORWF       _conta, 0 
L__displays58:
0x05AE	0xE10A      	BNZ         L_displays15
;Estacionamento.c,297 :: 		PORTE.RE2 = 0;
0x05B0	0x9484      	BCF         PORTE, 2 
;Estacionamento.c,298 :: 		PORTA.RA1 = 0;
0x05B2	0x9280      	BCF         PORTA, 1 
;Estacionamento.c,299 :: 		PORTA.RA2 = 0;
0x05B4	0x9480      	BCF         PORTA, 2 
;Estacionamento.c,300 :: 		PORTA.RA3 = 0;
0x05B6	0x9680      	BCF         PORTA, 3 
;Estacionamento.c,302 :: 		PORTA.RA4 = 1;
0x05B8	0x8880      	BSF         PORTA, 4 
;Estacionamento.c,303 :: 		PORTA.RA5 = 0;
0x05BA	0x9A80      	BCF         PORTA, 5 
;Estacionamento.c,304 :: 		PORTB.RB6 = 0;
0x05BC	0x9C81      	BCF         PORTB, 6 
;Estacionamento.c,305 :: 		PORTB.RB7 = 0;
0x05BE	0x9E81      	BCF         PORTB, 7 
;Estacionamento.c,307 :: 		LATE.RE0 = 1;                     //Acende o led do estacionameto
0x05C0	0x808D      	BSF         LATE, 0 
;Estacionamento.c,308 :: 		LATE.RE1 = 0;
0x05C2	0x928D      	BCF         LATE, 1 
;Estacionamento.c,310 :: 		}
L_displays15:
;Estacionamento.c,312 :: 		if(conta == 16){ // 00             //Contagem de vagas disponiveis
0x05C4	0x0E00      	MOVLW       0
0x05C6	0x182D      	XORWF       _conta+1, 0 
0x05C8	0xE102      	BNZ         L__displays59
0x05CA	0x0E10      	MOVLW       16
0x05CC	0x182C      	XORWF       _conta, 0 
L__displays59:
0x05CE	0xE10A      	BNZ         L_displays16
;Estacionamento.c,314 :: 		PORTE.RE2 = 0;
0x05D0	0x9484      	BCF         PORTE, 2 
;Estacionamento.c,315 :: 		PORTA.RA1 = 0;
0x05D2	0x9280      	BCF         PORTA, 1 
;Estacionamento.c,316 :: 		PORTA.RA2 = 0;
0x05D4	0x9480      	BCF         PORTA, 2 
;Estacionamento.c,317 :: 		PORTA.RA3 = 0;
0x05D6	0x9680      	BCF         PORTA, 3 
;Estacionamento.c,319 :: 		PORTA.RA4 = 0;
0x05D8	0x9880      	BCF         PORTA, 4 
;Estacionamento.c,320 :: 		PORTA.RA5 = 0;
0x05DA	0x9A80      	BCF         PORTA, 5 
;Estacionamento.c,321 :: 		PORTB.RB6 = 0;
0x05DC	0x9C81      	BCF         PORTB, 6 
;Estacionamento.c,322 :: 		PORTB.RB7 = 0;
0x05DE	0x9E81      	BCF         PORTB, 7 
;Estacionamento.c,324 :: 		LATE.RE1 = 1;                      //Acende o led do estacionameto
0x05E0	0x828D      	BSF         LATE, 1 
;Estacionamento.c,325 :: 		LATE.RE0 = 1;
0x05E2	0x808D      	BSF         LATE, 0 
;Estacionamento.c,326 :: 		}
L_displays16:
;Estacionamento.c,327 :: 		}
L_end_displays:
0x05E4	0x0012      	RETURN      0
; end of _displays
_incrementa:
;Estacionamento.c,329 :: 		void incrementa(){                     //Função de Incremento pelo botão
;Estacionamento.c,331 :: 		if(conta >= 0 && conta < 16){          // Condição pra que o valor mostrado no display não passe do limite
0x05E6	0x0E80      	MOVLW       128
0x05E8	0x182D      	XORWF       _conta+1, 0 
0x05EA	0x6E00      	MOVWF       R0 
0x05EC	0x0E80      	MOVLW       128
0x05EE	0x5C00      	SUBWF       R0, 0 
0x05F0	0xE102      	BNZ         L__incrementa61
0x05F2	0x0E00      	MOVLW       0
0x05F4	0x5C2C      	SUBWF       _conta, 0 
L__incrementa61:
0x05F6	0xE338      	BNC         L_incrementa19
0x05F8	0x0E80      	MOVLW       128
0x05FA	0x182D      	XORWF       _conta+1, 0 
0x05FC	0x6E00      	MOVWF       R0 
0x05FE	0x0E80      	MOVLW       128
0x0600	0x5C00      	SUBWF       R0, 0 
0x0602	0xE102      	BNZ         L__incrementa62
0x0604	0x0E10      	MOVLW       16
0x0606	0x5C2C      	SUBWF       _conta, 0 
L__incrementa62:
0x0608	0xE22F      	BC          L_incrementa19
L__incrementa39:
;Estacionamento.c,333 :: 		if(PORTC.BOTAOI == 0){                 // Condção de incremento do botao
0x060A	0xB082      	BTFSC       PORTC, 0 
0x060C	0xD02D      	BRA         L_incrementa20
;Estacionamento.c,335 :: 		conta++;                               // Variavel conta usada pra incremento
0x060E	0x4A2C      	INFSNZ      _conta, 1 
0x0610	0x2A2D      	INCF        _conta+1, 1 
;Estacionamento.c,336 :: 		delay_ms(300);
0x0612	0x0E02      	MOVLW       2
0x0614	0x6E0B      	MOVWF       R11, 0
0x0616	0x0E86      	MOVLW       134
0x0618	0x6E0C      	MOVWF       R12, 0
0x061A	0x0E99      	MOVLW       153
0x061C	0x6E0D      	MOVWF       R13, 0
L_incrementa21:
0x061E	0x2E0D      	DECFSZ      R13, 1, 0
0x0620	0xD7FE      	BRA         L_incrementa21
0x0622	0x2E0C      	DECFSZ      R12, 1, 0
0x0624	0xD7FC      	BRA         L_incrementa21
0x0626	0x2E0B      	DECFSZ      R11, 1, 0
0x0628	0xD7FA      	BRA         L_incrementa21
;Estacionamento.c,338 :: 		IntToStr(conta, txt);                  // Função para converter tipo inteiro pra string
0x062A	0xF065C02C  	MOVFF       _conta, FARG_IntToStr_input
0x062E	0xF066C02D  	MOVFF       _conta+1, FARG_IntToStr_input+1
0x0632	0x0E5D      	MOVLW       _txt
0x0634	0x0100      	MOVLB       0
0x0636	0x6F67      	MOVWF       FARG_IntToStr_output, 1
0x0638	0x0E00      	MOVLW       hi_addr(_txt)
0x063A	0x6F68      	MOVWF       FARG_IntToStr_output+1, 1
0x063C	0xDDF6      	RCALL       _IntToStr
;Estacionamento.c,340 :: 		Lcd_Out(3,13, txt);                    // Função que vai mostrar a mensagem convertida no display
0x063E	0x0E03      	MOVLW       3
0x0640	0x6F65      	MOVWF       FARG_Lcd_Out_row, 1
0x0642	0x0E0D      	MOVLW       13
0x0644	0x6F66      	MOVWF       FARG_Lcd_Out_column, 1
0x0646	0x0E5D      	MOVLW       _txt
0x0648	0x6F67      	MOVWF       FARG_Lcd_Out_text, 1
0x064A	0x0E00      	MOVLW       hi_addr(_txt)
0x064C	0x6F68      	MOVWF       FARG_Lcd_Out_text+1, 1
0x064E	0xDE5A      	RCALL       _Lcd_Out
;Estacionamento.c,341 :: 		delay_ms(300);
0x0650	0x0E02      	MOVLW       2
0x0652	0x6E0B      	MOVWF       R11, 0
0x0654	0x0E86      	MOVLW       134
0x0656	0x6E0C      	MOVWF       R12, 0
0x0658	0x0E99      	MOVLW       153
0x065A	0x6E0D      	MOVWF       R13, 0
L_incrementa22:
0x065C	0x2E0D      	DECFSZ      R13, 1, 0
0x065E	0xD7FE      	BRA         L_incrementa22
0x0660	0x2E0C      	DECFSZ      R12, 1, 0
0x0662	0xD7FC      	BRA         L_incrementa22
0x0664	0x2E0B      	DECFSZ      R11, 1, 0
0x0666	0xD7FA      	BRA         L_incrementa22
;Estacionamento.c,343 :: 		}}}
L_incrementa20:
L_incrementa19:
L_end_incrementa:
0x0668	0x0012      	RETURN      0
; end of _incrementa
_decrementa:
;Estacionamento.c,345 :: 		void decrementa(){                    //Função de decremento pelo botão
;Estacionamento.c,347 :: 		if(conta >= 1 && conta < 17){         // Condição pra que o valor mostrado no display não passe do limite
0x066A	0x0E80      	MOVLW       128
0x066C	0x182D      	XORWF       _conta+1, 0 
0x066E	0x6E00      	MOVWF       R0 
0x0670	0x0E80      	MOVLW       128
0x0672	0x5C00      	SUBWF       R0, 0 
0x0674	0xE102      	BNZ         L__decrementa64
0x0676	0x0E01      	MOVLW       1
0x0678	0x5C2C      	SUBWF       _conta, 0 
L__decrementa64:
0x067A	0xE338      	BNC         L_decrementa25
0x067C	0x0E80      	MOVLW       128
0x067E	0x182D      	XORWF       _conta+1, 0 
0x0680	0x6E00      	MOVWF       R0 
0x0682	0x0E80      	MOVLW       128
0x0684	0x5C00      	SUBWF       R0, 0 
0x0686	0xE102      	BNZ         L__decrementa65
0x0688	0x0E11      	MOVLW       17
0x068A	0x5C2C      	SUBWF       _conta, 0 
L__decrementa65:
0x068C	0xE22F      	BC          L_decrementa25
L__decrementa40:
;Estacionamento.c,349 :: 		if(PORTC.BOTAOD == 0){                // Condção de decremento do botao
0x068E	0xB282      	BTFSC       PORTC, 1 
0x0690	0xD02D      	BRA         L_decrementa26
;Estacionamento.c,352 :: 		conta--;                               // Variavel conta usada pra decremento
0x0692	0x0E01      	MOVLW       1
0x0694	0x5E2C      	SUBWF       _conta, 1 
0x0696	0x0E00      	MOVLW       0
0x0698	0x5A2D      	SUBWFB      _conta+1, 1 
;Estacionamento.c,353 :: 		delay_ms(300);
0x069A	0x0E02      	MOVLW       2
0x069C	0x6E0B      	MOVWF       R11, 0
0x069E	0x0E86      	MOVLW       134
0x06A0	0x6E0C      	MOVWF       R12, 0
0x06A2	0x0E99      	MOVLW       153
0x06A4	0x6E0D      	MOVWF       R13, 0
L_decrementa27:
0x06A6	0x2E0D      	DECFSZ      R13, 1, 0
0x06A8	0xD7FE      	BRA         L_decrementa27
0x06AA	0x2E0C      	DECFSZ      R12, 1, 0
0x06AC	0xD7FC      	BRA         L_decrementa27
0x06AE	0x2E0B      	DECFSZ      R11, 1, 0
0x06B0	0xD7FA      	BRA         L_decrementa27
;Estacionamento.c,355 :: 		IntToStr(conta, txt);                   // Função para converter tipo inteiro pra string
0x06B2	0xF065C02C  	MOVFF       _conta, FARG_IntToStr_input
0x06B6	0xF066C02D  	MOVFF       _conta+1, FARG_IntToStr_input+1
0x06BA	0x0E5D      	MOVLW       _txt
0x06BC	0x0100      	MOVLB       0
0x06BE	0x6F67      	MOVWF       FARG_IntToStr_output, 1
0x06C0	0x0E00      	MOVLW       hi_addr(_txt)
0x06C2	0x6F68      	MOVWF       FARG_IntToStr_output+1, 1
0x06C4	0xDDB2      	RCALL       _IntToStr
;Estacionamento.c,357 :: 		Lcd_Out(3,13, txt);                     // Função que vai mostrar a mensagem convertida no display
0x06C6	0x0E03      	MOVLW       3
0x06C8	0x6F65      	MOVWF       FARG_Lcd_Out_row, 1
0x06CA	0x0E0D      	MOVLW       13
0x06CC	0x6F66      	MOVWF       FARG_Lcd_Out_column, 1
0x06CE	0x0E5D      	MOVLW       _txt
0x06D0	0x6F67      	MOVWF       FARG_Lcd_Out_text, 1
0x06D2	0x0E00      	MOVLW       hi_addr(_txt)
0x06D4	0x6F68      	MOVWF       FARG_Lcd_Out_text+1, 1
0x06D6	0xDE16      	RCALL       _Lcd_Out
;Estacionamento.c,358 :: 		delay_ms(10);
0x06D8	0x0E0D      	MOVLW       13
0x06DA	0x6E0C      	MOVWF       R12, 0
0x06DC	0x0EFB      	MOVLW       251
0x06DE	0x6E0D      	MOVWF       R13, 0
L_decrementa28:
0x06E0	0x2E0D      	DECFSZ      R13, 1, 0
0x06E2	0xD7FE      	BRA         L_decrementa28
0x06E4	0x2E0C      	DECFSZ      R12, 1, 0
0x06E6	0xD7FC      	BRA         L_decrementa28
0x06E8	0x0000      	NOP
0x06EA	0x0000      	NOP
;Estacionamento.c,360 :: 		}}}
L_decrementa26:
L_decrementa25:
L_end_decrementa:
0x06EC	0x0012      	RETURN      0
; end of _decrementa
_lotado:
;Estacionamento.c,362 :: 		void lotado(){                          //Função criada para lotado
;Estacionamento.c,364 :: 		Lcd_Out(4, 1, "LOTADO");
0x06EE	0x0E04      	MOVLW       4
0x06F0	0x0100      	MOVLB       0
0x06F2	0x6F65      	MOVWF       FARG_Lcd_Out_row, 1
0x06F4	0x0E01      	MOVLW       1
0x06F6	0x6F66      	MOVWF       FARG_Lcd_Out_column, 1
0x06F8	0x0E1C      	MOVLW       ?lstr3_Estacionamento
0x06FA	0x6F67      	MOVWF       FARG_Lcd_Out_text, 1
0x06FC	0x0E00      	MOVLW       hi_addr(?lstr3_Estacionamento)
0x06FE	0x6F68      	MOVWF       FARG_Lcd_Out_text+1, 1
0x0700	0xDE01      	RCALL       _Lcd_Out
;Estacionamento.c,365 :: 		Lcd_Out(2, 1, "        ");
0x0702	0x0E02      	MOVLW       2
0x0704	0x6F65      	MOVWF       FARG_Lcd_Out_row, 1
0x0706	0x0E01      	MOVLW       1
0x0708	0x6F66      	MOVWF       FARG_Lcd_Out_column, 1
0x070A	0x0E23      	MOVLW       ?lstr4_Estacionamento
0x070C	0x6F67      	MOVWF       FARG_Lcd_Out_text, 1
0x070E	0x0E00      	MOVLW       hi_addr(?lstr4_Estacionamento)
0x0710	0x6F68      	MOVWF       FARG_Lcd_Out_text+1, 1
0x0712	0xDDF8      	RCALL       _Lcd_Out
;Estacionamento.c,367 :: 		Delay_ms(500);
0x0714	0x0E03      	MOVLW       3
0x0716	0x6E0B      	MOVWF       R11, 0
0x0718	0x0E8A      	MOVLW       138
0x071A	0x6E0C      	MOVWF       R12, 0
0x071C	0x0E55      	MOVLW       85
0x071E	0x6E0D      	MOVWF       R13, 0
L_lotado29:
0x0720	0x2E0D      	DECFSZ      R13, 1, 0
0x0722	0xD7FE      	BRA         L_lotado29
0x0724	0x2E0C      	DECFSZ      R12, 1, 0
0x0726	0xD7FC      	BRA         L_lotado29
0x0728	0x2E0B      	DECFSZ      R11, 1, 0
0x072A	0xD7FA      	BRA         L_lotado29
0x072C	0x0000      	NOP
0x072E	0x0000      	NOP
;Estacionamento.c,368 :: 		lcd_cmd(_LCD_TURN_OFF);
0x0730	0x0E08      	MOVLW       8
0x0732	0x6F76      	MOVWF       FARG_Lcd_Cmd_out_char, 1
0x0734	0xDC84      	RCALL       _Lcd_Cmd
;Estacionamento.c,369 :: 		Delay_ms(500);
0x0736	0x0E03      	MOVLW       3
0x0738	0x6E0B      	MOVWF       R11, 0
0x073A	0x0E8A      	MOVLW       138
0x073C	0x6E0C      	MOVWF       R12, 0
0x073E	0x0E55      	MOVLW       85
0x0740	0x6E0D      	MOVWF       R13, 0
L_lotado30:
0x0742	0x2E0D      	DECFSZ      R13, 1, 0
0x0744	0xD7FE      	BRA         L_lotado30
0x0746	0x2E0C      	DECFSZ      R12, 1, 0
0x0748	0xD7FC      	BRA         L_lotado30
0x074A	0x2E0B      	DECFSZ      R11, 1, 0
0x074C	0xD7FA      	BRA         L_lotado30
0x074E	0x0000      	NOP
0x0750	0x0000      	NOP
;Estacionamento.c,370 :: 		lcd_cmd(_LCD_TURN_ON);
0x0752	0x0E0C      	MOVLW       12
0x0754	0x6F76      	MOVWF       FARG_Lcd_Cmd_out_char, 1
0x0756	0xDC73      	RCALL       _Lcd_Cmd
;Estacionamento.c,371 :: 		Delay_ms(500);
0x0758	0x0E03      	MOVLW       3
0x075A	0x6E0B      	MOVWF       R11, 0
0x075C	0x0E8A      	MOVLW       138
0x075E	0x6E0C      	MOVWF       R12, 0
0x0760	0x0E55      	MOVLW       85
0x0762	0x6E0D      	MOVWF       R13, 0
L_lotado31:
0x0764	0x2E0D      	DECFSZ      R13, 1, 0
0x0766	0xD7FE      	BRA         L_lotado31
0x0768	0x2E0C      	DECFSZ      R12, 1, 0
0x076A	0xD7FC      	BRA         L_lotado31
0x076C	0x2E0B      	DECFSZ      R11, 1, 0
0x076E	0xD7FA      	BRA         L_lotado31
0x0770	0x0000      	NOP
0x0772	0x0000      	NOP
;Estacionamento.c,373 :: 		}
L_end_lotado:
0x0774	0x0012      	RETURN      0
; end of _lotado
_vaga:
;Estacionamento.c,375 :: 		void vaga(){
;Estacionamento.c,376 :: 		Lcd_Out(2, 1, "TEM VAGA");            //Função criada para vaga
0x0776	0x0E02      	MOVLW       2
0x0778	0x0100      	MOVLB       0
0x077A	0x6F65      	MOVWF       FARG_Lcd_Out_row, 1
0x077C	0x0E01      	MOVLW       1
0x077E	0x6F66      	MOVWF       FARG_Lcd_Out_column, 1
0x0780	0x0E2E      	MOVLW       ?lstr5_Estacionamento
0x0782	0x6F67      	MOVWF       FARG_Lcd_Out_text, 1
0x0784	0x0E00      	MOVLW       hi_addr(?lstr5_Estacionamento)
0x0786	0x6F68      	MOVWF       FARG_Lcd_Out_text+1, 1
0x0788	0xDDBD      	RCALL       _Lcd_Out
;Estacionamento.c,377 :: 		Lcd_Out(4, 1, "      ");
0x078A	0x0E04      	MOVLW       4
0x078C	0x6F65      	MOVWF       FARG_Lcd_Out_row, 1
0x078E	0x0E01      	MOVLW       1
0x0790	0x6F66      	MOVWF       FARG_Lcd_Out_column, 1
0x0792	0x0E15      	MOVLW       ?lstr6_Estacionamento
0x0794	0x6F67      	MOVWF       FARG_Lcd_Out_text, 1
0x0796	0x0E00      	MOVLW       hi_addr(?lstr6_Estacionamento)
0x0798	0x6F68      	MOVWF       FARG_Lcd_Out_text+1, 1
0x079A	0xDDB4      	RCALL       _Lcd_Out
;Estacionamento.c,378 :: 		}
L_end_vaga:
0x079C	0x0012      	RETURN      0
; end of _vaga
_main:
0x079E	0xF004EC55  	CALL        2218, 0
;Estacionamento.c,381 :: 		void main() {
;Estacionamento.c,384 :: 		TRISB = 0;                            //Define PORTB como saida
0x07A2	0x6A93      	CLRF        TRISB 
;Estacionamento.c,385 :: 		PORTB = 0;                            //Inicia desligado
0x07A4	0x6A81      	CLRF        PORTB 
;Estacionamento.c,387 :: 		TRISC.BOTAOI = 1;
0x07A6	0x8094      	BSF         TRISC, 0 
;Estacionamento.c,388 :: 		TRISC.BOTAOD = 1;                     //Define botões como entrada
0x07A8	0x8294      	BSF         TRISC, 1 
;Estacionamento.c,390 :: 		TRISC.RC2 = 0; // 1
0x07AA	0x9494      	BCF         TRISC, 2 
;Estacionamento.c,391 :: 		TRISC.RC3 = 0; // 2
0x07AC	0x9694      	BCF         TRISC, 3 
;Estacionamento.c,392 :: 		TRISC.RC4 = 0; // 3
0x07AE	0x9894      	BCF         TRISC, 4 
;Estacionamento.c,393 :: 		TRISC.RC5 = 0; // 4                   //Define como saida
0x07B0	0x9A94      	BCF         TRISC, 5 
;Estacionamento.c,394 :: 		TRISC.RC6 = 0; // 5
0x07B2	0x9C94      	BCF         TRISC, 6 
;Estacionamento.c,395 :: 		TRISC.RC7 = 0; // 6
0x07B4	0x9E94      	BCF         TRISC, 7 
;Estacionamento.c,397 :: 		PORTC.BOTAOI = 0;
0x07B6	0x9082      	BCF         PORTC, 0 
;Estacionamento.c,398 :: 		PORTC.BOTAOD = 0;                     //Inicia os botões sem estar pressionado
0x07B8	0x9282      	BCF         PORTC, 1 
;Estacionamento.c,400 :: 		PORTC.RC2 = 0; // 1
0x07BA	0x9482      	BCF         PORTC, 2 
;Estacionamento.c,401 :: 		PORTC.RC3 = 0; // 2
0x07BC	0x9682      	BCF         PORTC, 3 
;Estacionamento.c,402 :: 		PORTC.RC4 = 0; // 3
0x07BE	0x9882      	BCF         PORTC, 4 
;Estacionamento.c,403 :: 		PORTC.RC5 = 0; // 4
0x07C0	0x9A82      	BCF         PORTC, 5 
;Estacionamento.c,404 :: 		PORTC.RC6 = 0; // 5                       //Inicia os leds desligados
0x07C2	0x9C82      	BCF         PORTC, 6 
;Estacionamento.c,405 :: 		PORTC.RC7 = 0; // 6
0x07C4	0x9E82      	BCF         PORTC, 7 
;Estacionamento.c,407 :: 		TRISD.RD0 = 0;
0x07C6	0x9095      	BCF         TRISD, 0 
;Estacionamento.c,408 :: 		TRISD.RD1 = 0;
0x07C8	0x9295      	BCF         TRISD, 1 
;Estacionamento.c,409 :: 		TRISD.RD2 = 0;
0x07CA	0x9495      	BCF         TRISD, 2 
;Estacionamento.c,410 :: 		TRISD.RD3 = 0;
0x07CC	0x9695      	BCF         TRISD, 3 
;Estacionamento.c,411 :: 		TRISD.RD4 = 0;                             //Define como saida
0x07CE	0x9895      	BCF         TRISD, 4 
;Estacionamento.c,412 :: 		TRISD.RD5 = 0;
0x07D0	0x9A95      	BCF         TRISD, 5 
;Estacionamento.c,413 :: 		TRISD.RD6 = 0;
0x07D2	0x9C95      	BCF         TRISD, 6 
;Estacionamento.c,414 :: 		TRISD.RD7 = 0;
0x07D4	0x9E95      	BCF         TRISD, 7 
;Estacionamento.c,416 :: 		PORTD.RD0 = 0;
0x07D6	0x9083      	BCF         PORTD, 0 
;Estacionamento.c,417 :: 		PORTD.RD1 = 0;
0x07D8	0x9283      	BCF         PORTD, 1 
;Estacionamento.c,418 :: 		PORTD.RD2 = 0;
0x07DA	0x9483      	BCF         PORTD, 2 
;Estacionamento.c,419 :: 		PORTD.RD3 = 0;
0x07DC	0x9683      	BCF         PORTD, 3 
;Estacionamento.c,420 :: 		PORTD.RD4 = 0;                            //Inicia os leds desligados
0x07DE	0x9883      	BCF         PORTD, 4 
;Estacionamento.c,421 :: 		PORTD.RD5 = 0;
0x07E0	0x9A83      	BCF         PORTD, 5 
;Estacionamento.c,422 :: 		PORTD.RD6 = 0;
0x07E2	0x9C83      	BCF         PORTD, 6 
;Estacionamento.c,423 :: 		PORTD.RD7 = 0;
0x07E4	0x9E83      	BCF         PORTD, 7 
;Estacionamento.c,425 :: 		TRISE.RE0 = 0; // 15
0x07E6	0x9096      	BCF         TRISE, 0 
;Estacionamento.c,426 :: 		TRISE.RE1 = 0; // 16                     //Define como saida
0x07E8	0x9296      	BCF         TRISE, 1 
;Estacionamento.c,427 :: 		TRISE.RE2 = 0;
0x07EA	0x9496      	BCF         TRISE, 2 
;Estacionamento.c,429 :: 		PORTE.RE0 = 0; //15                     //Inicia os leds desligados
0x07EC	0x9084      	BCF         PORTE, 0 
;Estacionamento.c,430 :: 		PORTE.RE1 = 0; // 16
0x07EE	0x9284      	BCF         PORTE, 1 
;Estacionamento.c,431 :: 		PORTE.RE2 = 0;                         //Inicia display de 7seg desligado
0x07F0	0x9484      	BCF         PORTE, 2 
;Estacionamento.c,434 :: 		TRISA.RA1 = 0;
0x07F2	0x9292      	BCF         TRISA, 1 
;Estacionamento.c,435 :: 		TRISA.RA3 = 0;                        //Define como saida
0x07F4	0x9692      	BCF         TRISA, 3 
;Estacionamento.c,436 :: 		TRISA.RA4 = 0;
0x07F6	0x9892      	BCF         TRISA, 4 
;Estacionamento.c,437 :: 		TRISA.RA5 = 0;
0x07F8	0x9A92      	BCF         TRISA, 5 
;Estacionamento.c,439 :: 		TRISA.RA0 = 0;                        //Pino do Led de atenção do estacionamento definido como saída
0x07FA	0x9092      	BCF         TRISA, 0 
;Estacionamento.c,441 :: 		inicio();           // Função de inicio do display
0x07FC	0xDDCA      	RCALL       _inicio
;Estacionamento.c,444 :: 		while(1){                             //Condição verdadeira
L_main32:
;Estacionamento.c,447 :: 		displays();
0x07FE	0xDDE3      	RCALL       _displays
;Estacionamento.c,448 :: 		incrementa();                        //chamando as funções criadas para os displays e botões
0x0800	0xDEF2      	RCALL       _incrementa
;Estacionamento.c,449 :: 		decrementa();
0x0802	0xDF33      	RCALL       _decrementa
;Estacionamento.c,452 :: 		if(conta < 16){                      // Condição pra chamar a função vaga assim q liga o display
0x0804	0x0E80      	MOVLW       128
0x0806	0x182D      	XORWF       _conta+1, 0 
0x0808	0x6E00      	MOVWF       R0 
0x080A	0x0E80      	MOVLW       128
0x080C	0x5C00      	SUBWF       R0, 0 
0x080E	0xE102      	BNZ         L__main69
0x0810	0x0E10      	MOVLW       16
0x0812	0x5C2C      	SUBWF       _conta, 0 
L__main69:
0x0814	0xE202      	BC          L_main34
;Estacionamento.c,454 :: 		vaga();
0x0816	0xDFAF      	RCALL       _vaga
;Estacionamento.c,457 :: 		}else if(conta == 16){               // Condição pra chamar a função lotado assim q atinge o numero máximo de caroos no display
0x0818	0xD007      	BRA         L_main35
L_main34:
0x081A	0x0E00      	MOVLW       0
0x081C	0x182D      	XORWF       _conta+1, 0 
0x081E	0xE102      	BNZ         L__main70
0x0820	0x0E10      	MOVLW       16
0x0822	0x182C      	XORWF       _conta, 0 
L__main70:
0x0824	0xE101      	BNZ         L_main36
;Estacionamento.c,458 :: 		lotado();
0x0826	0xDF63      	RCALL       _lotado
;Estacionamento.c,462 :: 		}
L_main36:
L_main35:
;Estacionamento.c,463 :: 		Delay_ms (200);
0x0828	0x0E02      	MOVLW       2
0x082A	0x6E0B      	MOVWF       R11, 0
0x082C	0x0E04      	MOVLW       4
0x082E	0x6E0C      	MOVWF       R12, 0
0x0830	0x0EBA      	MOVLW       186
0x0832	0x6E0D      	MOVWF       R13, 0
L_main37:
0x0834	0x2E0D      	DECFSZ      R13, 1, 0
0x0836	0xD7FE      	BRA         L_main37
0x0838	0x2E0C      	DECFSZ      R12, 1, 0
0x083A	0xD7FC      	BRA         L_main37
0x083C	0x2E0B      	DECFSZ      R11, 1, 0
0x083E	0xD7FA      	BRA         L_main37
0x0840	0x0000      	NOP
;Estacionamento.c,464 :: 		LATA.RA0 = !LATA.RA0;          //Inverte o estado do LED, fazendo-o piscar dentro do laço
0x0842	0x7089      	BTG         LATA, 0 
;Estacionamento.c,465 :: 		Delay_ms (200);
0x0844	0x0E02      	MOVLW       2
0x0846	0x6E0B      	MOVWF       R11, 0
0x0848	0x0E04      	MOVLW       4
0x084A	0x6E0C      	MOVWF       R12, 0
0x084C	0x0EBA      	MOVLW       186
0x084E	0x6E0D      	MOVWF       R13, 0
L_main38:
0x0850	0x2E0D      	DECFSZ      R13, 1, 0
0x0852	0xD7FE      	BRA         L_main38
0x0854	0x2E0C      	DECFSZ      R12, 1, 0
0x0856	0xD7FC      	BRA         L_main38
0x0858	0x2E0B      	DECFSZ      R11, 1, 0
0x085A	0xD7FA      	BRA         L_main38
0x085C	0x0000      	NOP
;Estacionamento.c,469 :: 		}
0x085E	0xD7CF      	BRA         L_main32
;Estacionamento.c,471 :: 		}
L_end_main:
0x0860	0xD7FF      	BRA         $+0
; end of _main
0x08AA	0xF015EE10  	LFSR        1, 21
0x08AE	0x0E48      	MOVLW       72
0x08B0	0x6E00      	MOVWF       R0 
0x08B2	0x0E01      	MOVLW       1
0x08B4	0x6E01      	MOVWF       R1 
0x08B6	0x0E62      	MOVLW       98
0x08B8	0x6EF6      	MOVWF       TBLPTR 
0x08BA	0x0E08      	MOVLW       8
0x08BC	0x6EF7      	MOVWF       TBLPTRH 
0x08BE	0x0E00      	MOVLW       0
0x08C0	0x6EF8      	MOVWF       TBLPTRU 
0x08C2	0xF001ECC1  	CALL        898, 0
0x08C6	0x0012      	RETURN      0
;Estacionamento.c,0 :: ?ICS?lstr6_Estacionamento
0x0862	0x2020 ;?ICS?lstr6_Estacionamento+0
0x0864	0x2020 ;?ICS?lstr6_Estacionamento+2
0x0866	0x2020 ;?ICS?lstr6_Estacionamento+4
0x0868	0x00 ;?ICS?lstr6_Estacionamento+6
; end of ?ICS?lstr6_Estacionamento
;Estacionamento.c,0 :: ?ICS?lstr3_Estacionamento
0x0869	0x4F4C ;?ICS?lstr3_Estacionamento+0
0x086B	0x4154 ;?ICS?lstr3_Estacionamento+2
0x086D	0x4F44 ;?ICS?lstr3_Estacionamento+4
0x086F	0x00 ;?ICS?lstr3_Estacionamento+6
; end of ?ICS?lstr3_Estacionamento
;Estacionamento.c,0 :: ?ICS?lstr4_Estacionamento
0x0870	0x2020 ;?ICS?lstr4_Estacionamento+0
0x0872	0x2020 ;?ICS?lstr4_Estacionamento+2
0x0874	0x2020 ;?ICS?lstr4_Estacionamento+4
0x0876	0x2020 ;?ICS?lstr4_Estacionamento+6
0x0878	0x00 ;?ICS?lstr4_Estacionamento+8
; end of ?ICS?lstr4_Estacionamento
;Estacionamento.c,0 :: ?ICS_conta
0x0879	0x0000 ;?ICS_conta+0
; end of ?ICS_conta
;Estacionamento.c,0 :: ?ICS?lstr5_Estacionamento
0x087B	0x4554 ;?ICS?lstr5_Estacionamento+0
0x087D	0x204D ;?ICS?lstr5_Estacionamento+2
0x087F	0x4156 ;?ICS?lstr5_Estacionamento+4
0x0881	0x4147 ;?ICS?lstr5_Estacionamento+6
0x0883	0x00 ;?ICS?lstr5_Estacionamento+8
; end of ?ICS?lstr5_Estacionamento
;Estacionamento.c,0 :: ?ICS?lstr1_Estacionamento
0x0884	0x4156 ;?ICS?lstr1_Estacionamento+0
0x0886	0x4147 ;?ICS?lstr1_Estacionamento+2
0x0888	0x2053 ;?ICS?lstr1_Estacionamento+4
0x088A	0x4F54 ;?ICS?lstr1_Estacionamento+6
0x088C	0x2E54 ;?ICS?lstr1_Estacionamento+8
0x088E	0x203A ;?ICS?lstr1_Estacionamento+10
0x0890	0x2020 ;?ICS?lstr1_Estacionamento+12
0x0892	0x2020 ;?ICS?lstr1_Estacionamento+14
0x0894	0x3631 ;?ICS?lstr1_Estacionamento+16
0x0896	0x00 ;?ICS?lstr1_Estacionamento+18
; end of ?ICS?lstr1_Estacionamento
;Estacionamento.c,0 :: ?ICS?lstr2_Estacionamento
0x0897	0x4156 ;?ICS?lstr2_Estacionamento+0
0x0899	0x4147 ;?ICS?lstr2_Estacionamento+2
0x089B	0x2053 ;?ICS?lstr2_Estacionamento+4
0x089D	0x434F ;?ICS?lstr2_Estacionamento+6
0x089F	0x5055 ;?ICS?lstr2_Estacionamento+8
0x08A1	0x3A2E ;?ICS?lstr2_Estacionamento+10
0x08A3	0x2020 ;?ICS?lstr2_Estacionamento+12
0x08A5	0x2020 ;?ICS?lstr2_Estacionamento+14
0x08A7	0x3020 ;?ICS?lstr2_Estacionamento+16
0x08A9	0x00 ;?ICS?lstr2_Estacionamento+18
; end of ?ICS?lstr2_Estacionamento
Symbol List:
//** Routines locations **
//ADDRESS    SIZE    PROCEDURE
//----------------------------------------------
0x001C      [12]    _Delay_50us
0x0028      [18]    _Delay_5500us
0x003A       [4]    _Delay_1us
0x003E     [126]    _Lcd_Cmd
0x00BC      [54]    _Div_16X16_U
0x00F2      [14]    _Lcd_Chr_CP
0x0100     [146]    _WordToStr
0x0192     [152]    _Lcd_Init
0x022A     [218]    _IntToStr
0x0304     [126]    _Lcd_Out
0x0382      [16]    ___CC2DW
0x0392      [52]    _inicio
0x03C6     [544]    _displays
0x05E6     [132]    _incrementa
0x066A     [132]    _decrementa
0x06EE     [136]    _lotado
0x0776      [40]    _vaga
0x079E     [196]    _main
//** Variables locations ** 
//ADDRESS    SIZE    VARIABLE
//----------------------------------------------
0x0000       [1]    R0
0x0001       [1]    __Lib_Conversions_Adjust_Hex_tmp_L0
0x0001       [1]    R1
0x0002       [2]    memchr_s_L0
0x0002       [2]    strlen_cp_L0
0x0002       [2]    memcpy_dd_L0
0x0002       [2]    memset_pp_L0
0x0002       [1]    R2
0x0003       [2]    memmove_tt_L0
0x0003       [1]    R3
0x0003       [2]    Ltrim_original_L0
0x0004       [2]    strcat_cp_L0
0x0004       [1]    R4
0x0004       [2]    strncpy_cp_L0
0x0004       [2]    memcpy_ss_L0
0x0004       [2]    strcpy_cp_L0
0x0004       [2]    strncat_cp_L0
0x0005       [2]    Ltrim_p_L0
0x0005       [2]    LongWordToHex_input_half_L0
0x0005       [2]    memmove_ff_L0
0x0005       [2]    LongIntToHex_input_half_L0
0x0005       [1]    R5
0x0006       [1]    R6
0x0007       [1]    R7
0x0008       [1]    R8
0x0009       [1]    R9
0x000A       [1]    R10
0x000B       [1]    R11
0x000C       [1]    R12
0x000D       [1]    R13
0x000E       [1]    R14
0x000F       [1]    R15
0x0010       [1]    R16
0x0011       [1]    R17
0x0012       [1]    R18
0x0013       [1]    R19
0x0014       [1]    R20
0x0015       [7]    ?lstr6_Estacionamento
0x001C       [7]    ?lstr3_Estacionamento
0x0023       [9]    ?lstr4_Estacionamento
0x002C       [2]    _conta
0x002E       [9]    ?lstr5_Estacionamento
0x0037      [19]    ?lstr1_Estacionamento
0x004A      [19]    ?lstr2_Estacionamento
0x005D       [7]    _txt
0x0064       [0]    __Lib_Lcd_cmd_status
0x0065       [2]    FARG_IntToStr_input
0x0065       [1]    FARG_Lcd_Out_row
0x0066       [1]    FARG_Lcd_Out_column
0x0067       [2]    FARG_Lcd_Out_text
0x0067       [2]    FARG_IntToStr_output
0x0069       [1]    Lcd_Out_i_L0
0x0069       [2]    IntToStr_i_L0
0x006B       [2]    IntToStr_negative_L0
0x006D       [2]    IntToStr_inword_L0
0x006F       [2]    FARG_WordToStr_input
0x006F       [1]    FARG_Lcd_Chr_CP_out_char
0x0071       [2]    FARG_WordToStr_output
0x0073       [1]    WordToStr_len_L0
0x0074       [2]    FLOC__WordToStr
0x0076       [1]    FARG_Lcd_Cmd_out_char
0x0F80       [1]    PORTA
0x0F81       [1]    PORTB
0x0F82       [1]    PORTC
0x0F83       [1]    PORTD
0x0F84       [1]    PORTE
0x0F89       [1]    LATA
0x0F8A       [0]    LATB1_bit
0x0F8A       [0]    LATB0_bit
0x0F8A       [0]    LATB3_bit
0x0F8A       [0]    LATB2_bit
0x0F8A       [0]    LCD_RS
0x0F8A       [0]    LCD_EN
0x0F8A       [0]    LATB5_bit
0x0F8A       [0]    LATB4_bit
0x0F8A       [0]    LCD_D7
0x0F8A       [0]    LCD_D6
0x0F8A       [0]    LCD_D4
0x0F8A       [0]    LCD_D5
0x0F8B       [1]    LATC
0x0F8C       [1]    LATD
0x0F8D       [1]    LATE
0x0F92       [1]    TRISA
0x0F93       [1]    TRISB
0x0F93       [0]    LCD_D5_Direction
0x0F93       [0]    LCD_D6_Direction
0x0F93       [0]    LCD_D7_Direction
0x0F93       [0]    LCD_RS_Direction
0x0F93       [0]    LCD_EN_Direction
0x0F93       [0]    LCD_D4_Direction
0x0F93       [0]    TRISB3_bit
0x0F93       [0]    TRISB4_bit
0x0F93       [0]    TRISB2_bit
0x0F93       [0]    TRISB0_bit
0x0F93       [0]    TRISB1_bit
0x0F93       [0]    TRISB5_bit
0x0F94       [1]    TRISC
0x0F95       [1]    TRISD
0x0F96       [1]    TRISE
0x0FD8       [1]    STATUS
0x0FD9       [1]    FSR2L
0x0FDA       [1]    FSR2H
0x0FDE       [1]    POSTINC2
0x0FE0       [1]    BSR
0x0FE1       [1]    FSR1L
0x0FE2       [1]    FSR1H
0x0FE4       [1]    PREINC1
0x0FE6       [1]    POSTINC1
0x0FE7       [1]    INDF1
0x0FE8       [1]    WREG
0x0FE9       [1]    FSR0L
0x0FEA       [1]    FSR0H
0x0FEE       [1]    POSTINC0
0x0FF3       [1]    PRODL
0x0FF4       [1]    PRODH
0x0FF5       [1]    TABLAT
0x0FF6       [3]    TBLPTR
0x0FF6       [1]    TBLPTRL
0x0FF7       [1]    TBLPTRH
0x0FF8       [1]    TBLPTRU
//** Constants locations ** 
//ADDRESS    SIZE    CONSTANT
//----------------------------------------------
0x0862       [7]    ?ICS?lstr6_Estacionamento
0x0869       [7]    ?ICS?lstr3_Estacionamento
0x0870       [9]    ?ICS?lstr4_Estacionamento
0x0879       [2]    ?ICS_conta
0x087B       [9]    ?ICS?lstr5_Estacionamento
0x0884      [19]    ?ICS?lstr1_Estacionamento
0x0897      [19]    ?ICS?lstr2_Estacionamento
