;  LST file generated by mikroListExporter - v.2.0 
; Date/Time: 06/01/2021 21:47:49
;----------------------------------------------

;Address Opcode 	ASM
0x0000	0x2846      	GOTO       70
_Delay_22us:
;__Lib_Delays.c,15 :: 		void Delay_22us() {
;__Lib_Delays.c,16 :: 		Delay_us(22);
0x0003	0x300E      	MOVLW      14
0x0004	0x1283      	BCF        STATUS, 5
0x0005	0x1303      	BCF        STATUS, 6
0x0006	0x00FD      	MOVWF      R13
L_Delay_22us1:
0x0007	0x0BFD      	DECFSZ     R13, 1
0x0008	0x2807      	GOTO       L_Delay_22us1
0x0009	0x0000      	NOP
;__Lib_Delays.c,17 :: 		}
L_end_Delay_22us:
0x000A	0x0008      	RETURN
; end of _Delay_22us
_____DoICP:
;__Lib_System.c,6 :: 		
;__Lib_System.c,9 :: 		
0x000B	0x1283      	BCF        STATUS, 5
0x000C	0x1303      	BCF        STATUS, 6
0x000D	0x0824      	MOVF       ___DoICPAddr+1, 0
0x000E	0x008A      	MOVWF      PCLATH
;__Lib_System.c,10 :: 		
0x000F	0x0823      	MOVF       ___DoICPAddr, 0
0x0010	0x0082      	MOVWF      PCL
;__Lib_System.c,12 :: 		
L_end_____DoICP:
0x0011	0x0008      	RETURN
; end of _____DoICP
___CC2DW:
;__Lib_System.c,134 :: 		
;__Lib_System.c,137 :: 		
_CC2D_Loop1:
;__Lib_System.c,139 :: 		
0x0012	0x200B      	CALL       _____DoICP
0x0013	0x118A      	BCF        PCLATH, 3
0x0014	0x120A      	BCF        PCLATH, 4
;__Lib_System.c,141 :: 		
0x0015	0x0080      	MOVWF      INDF
;__Lib_System.c,142 :: 		
0x0016	0x0A84      	INCF       FSR, 1
;__Lib_System.c,143 :: 		
0x0017	0x0AA3      	INCF       ___DoICPAddr, 1
;__Lib_System.c,145 :: 		
0x0018	0x1903      	BTFSC      STATUS, 2
;__Lib_System.c,146 :: 		
0x0019	0x0AA4      	INCF       ___DoICPAddr+1, 1
;__Lib_System.c,147 :: 		
0x001A	0x03F0      	DECF       R0, 1
;__Lib_System.c,149 :: 		
0x001B	0x1D03      	BTFSS      STATUS, 2
;__Lib_System.c,150 :: 		
0x001C	0x2812      	GOTO       _CC2D_Loop1
;__Lib_System.c,152 :: 		
L_end___CC2DW:
0x001D	0x0008      	RETURN
; end of ___CC2DW
_ADC_Read:
;__Lib_ADC_A_C.c,68 :: 		
;__Lib_ADC_A_C.c,70 :: 		
0x001E	0x1283      	BCF        STATUS, 5
0x001F	0x1303      	BCF        STATUS, 6
0x0020	0x019F      	CLRF       ADCON0
;__Lib_ADC_A_C.c,71 :: 		
0x0021	0x30C0      	MOVLW      192
0x0022	0x049F      	IORWF      ADCON0, 1
;__Lib_ADC_A_C.c,72 :: 		
0x0023	0x0920      	COMF       _vref_mask, 0
0x0024	0x00F0      	MOVWF      R0
0x0025	0x0870      	MOVF       R0, 0
0x0026	0x1683      	BSF        STATUS, 5
0x0027	0x059F      	ANDWF      ADCON1, 1
;__Lib_ADC_A_C.c,73 :: 		
0x0028	0x171F      	BSF        ADCON1, 6
;__Lib_ADC_A_C.c,74 :: 		
0x0029	0x179F      	BSF        ADCON1, 7
;__Lib_ADC_A_C.c,75 :: 		
0x002A	0x1283      	BCF        STATUS, 5
0x002B	0x0825      	MOVF       FARG_ADC_Read_channel, 0
0x002C	0x00F0      	MOVWF      R0
0x002D	0x0DF0      	RLF        R0, 1
0x002E	0x1070      	BCF        R0, 0
0x002F	0x0DF0      	RLF        R0, 1
0x0030	0x1070      	BCF        R0, 0
0x0031	0x0DF0      	RLF        R0, 1
0x0032	0x1070      	BCF        R0, 0
0x0033	0x0870      	MOVF       R0, 0
0x0034	0x049F      	IORWF      ADCON0, 1
;__Lib_ADC_A_C.c,78 :: 		
0x0035	0x141F      	BSF        ADCON0, 0
;__Lib_ADC_A_C.c,81 :: 		
0x0036	0x2003      	CALL       _Delay_22us
;__Lib_ADC_A_C.c,84 :: 		
0x0037	0x151F      	BSF        ADCON0, 2
;__Lib_ADC_A_C.c,87 :: 		
L_ADC_Read2:
0x0038	0x1D1F      	BTFSS      ADCON0, 2
0x0039	0x283C      	GOTO       L_ADC_Read3
;__Lib_ADC_A_C.c,88 :: 		
0x003A	0x0000      	NOP
0x003B	0x2838      	GOTO       L_ADC_Read2
L_ADC_Read3:
;__Lib_ADC_A_C.c,91 :: 		
0x003C	0x101F      	BCF        ADCON0, 0
;__Lib_ADC_A_C.c,94 :: 		
0x003D	0x081E      	MOVF       ADRESH, 0
0x003E	0x00F1      	MOVWF      R0+1
0x003F	0x01F0      	CLRF       R0
0x0040	0x1683      	BSF        STATUS, 5
0x0041	0x081E      	MOVF       ADRESL, 0
0x0042	0x04F0      	IORWF      R0, 1
0x0043	0x3000      	MOVLW      0
0x0044	0x04F1      	IORWF      R0+1, 1
;__Lib_ADC_A_C.c,95 :: 		
L_end_ADC_Read:
0x0045	0x0008      	RETURN
; end of _ADC_Read
_main:
0x0046	0x209C      	CALL       156
;Questao01.c,7 :: 		void main() {
;Questao01.c,9 :: 		ADCON0 = 0b10000001;   // Configura o registrador ADCON0
0x0047	0x3081      	MOVLW      129
0x0048	0x1283      	BCF        STATUS, 5
0x0049	0x1303      	BCF        STATUS, 6
0x004A	0x009F      	MOVWF      ADCON0
;Questao01.c,10 :: 		ADCON1 = 0b01001110;  // Configura o registrador ADCON1
0x004B	0x304E      	MOVLW      78
0x004C	0x1683      	BSF        STATUS, 5
0x004D	0x009F      	MOVWF      ADCON1
;Questao01.c,12 :: 		TRISB = 0;  // Define o PORTB como saída
0x004E	0x0186      	CLRF       TRISB
;Questao01.c,13 :: 		PORTB = 0;  // Define o PORTB como desligado
0x004F	0x1283      	BCF        STATUS, 5
0x0050	0x0186      	CLRF       PORTB
;Questao01.c,15 :: 		while(1){
L_main0:
;Questao01.c,17 :: 		leitor = ADC_READ(0); // Faz a leitura do pino A0 e armazena o valor na variável leitor
0x0051	0x01A5      	CLRF       FARG_ADC_Read_channel
0x0052	0x201E      	CALL       _ADC_Read
0x0053	0x0870      	MOVF       R0, 0
0x0054	0x1283      	BCF        STATUS, 5
0x0055	0x00A1      	MOVWF      _leitor
0x0056	0x0871      	MOVF       R0+1, 0
0x0057	0x00A2      	MOVWF      _leitor+1
;Questao01.c,19 :: 		if(leitor > 0){   // Condição para não ascender nenhum LED enquanto for maior que zero
0x0058	0x0871      	MOVF       R0+1, 0
0x0059	0x3C00      	SUBLW      0
0x005A	0x1D03      	BTFSS      STATUS, 2
0x005B	0x285E      	GOTO       L__main8
0x005C	0x0870      	MOVF       R0, 0
0x005D	0x3C00      	SUBLW      0
L__main8:
0x005E	0x1803      	BTFSC      STATUS, 0
0x005F	0x2863      	GOTO       L_main2
;Questao01.c,21 :: 		LED1 = 0;
0x0060	0x1106      	BCF        PORTB, 2
;Questao01.c,22 :: 		LED2 = 0;       // LEDS desligados
0x0061	0x1086      	BCF        PORTB, 1
;Questao01.c,23 :: 		LED3 = 0;
0x0062	0x1006      	BCF        PORTB, 0
;Questao01.c,25 :: 		}
L_main2:
;Questao01.c,27 :: 		if(leitor > 205){ // Condição para ascender o LED1 quanto atingir o valor que corresponde a 1V
0x0063	0x0822      	MOVF       _leitor+1, 0
0x0064	0x3C00      	SUBLW      0
0x0065	0x1D03      	BTFSS      STATUS, 2
0x0066	0x2869      	GOTO       L__main9
0x0067	0x0821      	MOVF       _leitor, 0
0x0068	0x3CCD      	SUBLW      205
L__main9:
0x0069	0x1803      	BTFSC      STATUS, 0
0x006A	0x286E      	GOTO       L_main3
;Questao01.c,29 :: 		LED1 = 1;
0x006B	0x1506      	BSF        PORTB, 2
;Questao01.c,30 :: 		LED2 = 0;                // Só o LED1 ligado
0x006C	0x1086      	BCF        PORTB, 1
;Questao01.c,31 :: 		LED3 = 0;
0x006D	0x1006      	BCF        PORTB, 0
;Questao01.c,33 :: 		}
L_main3:
;Questao01.c,35 :: 		if(leitor > 614){ // Condição para ascender o LED2 quanto atingir o valor que corresponde a 3V
0x006E	0x0822      	MOVF       _leitor+1, 0
0x006F	0x3C02      	SUBLW      2
0x0070	0x1D03      	BTFSS      STATUS, 2
0x0071	0x2874      	GOTO       L__main10
0x0072	0x0821      	MOVF       _leitor, 0
0x0073	0x3C66      	SUBLW      102
L__main10:
0x0074	0x1803      	BTFSC      STATUS, 0
0x0075	0x2879      	GOTO       L_main4
;Questao01.c,37 :: 		LED1 = 1;
0x0076	0x1506      	BSF        PORTB, 2
;Questao01.c,38 :: 		LED2 = 1;        // LED1 e LED2 ligados
0x0077	0x1486      	BSF        PORTB, 1
;Questao01.c,39 :: 		LED3 = 0;
0x0078	0x1006      	BCF        PORTB, 0
;Questao01.c,41 :: 		}
L_main4:
;Questao01.c,43 :: 		if(leitor > 819){ // Condição para ascender o LED3 quanto atingir o valor que corresponde a 4V
0x0079	0x0822      	MOVF       _leitor+1, 0
0x007A	0x3C03      	SUBLW      3
0x007B	0x1D03      	BTFSS      STATUS, 2
0x007C	0x287F      	GOTO       L__main11
0x007D	0x0821      	MOVF       _leitor, 0
0x007E	0x3C33      	SUBLW      51
L__main11:
0x007F	0x1803      	BTFSC      STATUS, 0
0x0080	0x2884      	GOTO       L_main5
;Questao01.c,45 :: 		LED1 = 1;
0x0081	0x1506      	BSF        PORTB, 2
;Questao01.c,46 :: 		LED2 = 1;        // LED1, LED2 e LED3 ligados
0x0082	0x1486      	BSF        PORTB, 1
;Questao01.c,47 :: 		LED3 = 1;
0x0083	0x1406      	BSF        PORTB, 0
;Questao01.c,49 :: 		}
L_main5:
;Questao01.c,51 :: 		Delay_ms(100);
0x0084	0x3002      	MOVLW      2
0x0085	0x00FB      	MOVWF      R11
0x0086	0x3004      	MOVLW      4
0x0087	0x00FC      	MOVWF      R12
0x0088	0x30BA      	MOVLW      186
0x0089	0x00FD      	MOVWF      R13
L_main6:
0x008A	0x0BFD      	DECFSZ     R13, 1
0x008B	0x288A      	GOTO       L_main6
0x008C	0x0BFC      	DECFSZ     R12, 1
0x008D	0x288A      	GOTO       L_main6
0x008E	0x0BFB      	DECFSZ     R11, 1
0x008F	0x288A      	GOTO       L_main6
0x0090	0x0000      	NOP
;Questao01.c,53 :: 		}
0x0091	0x2851      	GOTO       L_main0
;Questao01.c,55 :: 		}
L_end_main:
0x0092	0x2892      	GOTO       $+0
; end of _main
0x009C	0x3020      	MOVLW      32
0x009D	0x0084      	MOVWF      FSR
0x009E	0x3003      	MOVLW      3
0x009F	0x1283      	BCF        STATUS, 5
0x00A0	0x1303      	BCF        STATUS, 6
0x00A1	0x00F0      	MOVWF      R0
0x00A2	0x3098      	MOVLW      152
0x00A3	0x00A3      	MOVWF      ___DoICPAddr
0x00A4	0x3000      	MOVLW      0
0x00A5	0x00A4      	MOVWF      36
0x00A6	0x2012      	CALL       18
0x00A7	0x0008      	RETURN
;__Lib_ADC_A_C.c,0 :: ?ICS_vref_mask
0x0098	0x340F ;?ICS_vref_mask+0
; end of ?ICS_vref_mask
;Questao01.c,0 :: ?ICS_leitor
0x0099	0x3400 ;?ICS_leitor+0
0x009A	0x3400 ;?ICS_leitor+1
; end of ?ICS_leitor
Symbol List:
//** Routines locations **
//ADDRESS    SIZE    PROCEDURE
//----------------------------------------------
0x0003       [8]    _Delay_22us
0x000B       [7]    _____DoICP
0x0012      [12]    ___CC2DW
0x001E      [40]    _ADC_Read
0x0046      [76]    _main
//** Variables locations ** 
//ADDRESS    SIZE    VARIABLE
//----------------------------------------------
0x0000       [1]    INDF
0x0002       [1]    PCL
0x0003       [1]    STATUS
0x0004       [1]    FSR
0x0006       [1]    PORTB
0x000A       [1]    PCLATH
0x001E       [1]    ADRESH
0x001F       [1]    ADCON0
0x0020       [1]    _vref_mask
0x0021       [2]    _leitor
0x0023       [2]    ___DoICPAddr
0x0025       [1]    FARG_ADC_Read_channel
0x0070       [1]    R0
0x0071       [1]    R1
0x0072       [1]    R2
0x0073       [1]    R3
0x0074       [1]    R4
0x0075       [1]    R5
0x0076       [1]    R6
0x0077       [1]    R7
0x0078       [1]    R8
0x0079       [1]    R9
0x007A       [1]    R10
0x007B       [1]    R11
0x007C       [1]    R12
0x007D       [1]    R13
0x007E       [1]    R14
0x007F       [1]    R15
0x0086       [1]    TRISB
0x009E       [1]    ADRESL
0x009F       [1]    ADCON1
//** Constants locations ** 
//ADDRESS    SIZE    CONSTANT
//----------------------------------------------
0x0098       [1]    ?ICS_vref_mask
0x0099       [2]    ?ICS_leitor
